# activity.log - created 2026-05-02T20:40:46.356270+00:00
[2026-05-02T20:41:31Z] Worker 20260502_204131 complete | article+research generated | state updated
2026-05-03 04:41:54 [INFO] kimiclaw.loop - Starting Kimiclaw main loop | interval=1800s dry_run=False
2026-05-03 04:41:54 [INFO] kimiclaw.loop - No active strategies found — seeding defaults
2026-05-03 04:41:54 [INFO] kimiclaw.loop - Seeded 2 default strategies
2026-05-03 04:41:54 [INFO] kimiclaw.loop - --- Tick 2 at 2026-05-02T20:41:54.561404+00:00 ---
2026-05-03 04:41:54 [INFO] kimiclaw.loop - [Phase 1] State Assessment
2026-05-03 04:41:54 [WARNING] kimiclaw.loop - Daily earnings ($0.00) below target ($1.00)
2026-05-03 04:41:54 [INFO] kimiclaw.loop - Status | earnings=$0.00 expenses=$0.00 net=$0.00 strategies=2
2026-05-03 04:41:54 [INFO] kimiclaw.loop -   P1: Daily earnings ($0.00) below target ($1.00)
2026-05-03 04:41:54 [INFO] kimiclaw.loop -   P1: 2 active strategies
2026-05-03 04:41:54 [INFO] kimiclaw.loop -   P1:   Strategy 'micro_tasks' — status: active
2026-05-03 04:41:54 [INFO] kimiclaw.loop -   P1:   Strategy 'content_creation' — status: active
2026-05-03 04:41:54 [INFO] kimiclaw.loop - [Phase 2] Strategy Execution
2026-05-03 04:41:54 [INFO] kimiclaw.loop -   P2: Strategy 'micro_tasks': executed 5 tasks
2026-05-03 04:41:54 [INFO] kimiclaw.loop -   P2:   +$0.0260 from 'micro_tasks'
2026-05-03 04:41:54 [INFO] kimiclaw.loop -   P2: Strategy 'content_creation': executed 2 tasks
2026-05-03 04:41:54 [INFO] kimiclaw.loop -   P2:   +$0.0332 from 'content_creation'
2026-05-03 04:41:54 [INFO] kimiclaw.loop - [Phase 3] Performance Review
2026-05-03 04:41:54 [INFO] kimiclaw.loop -   P3: HELD 'micro_tasks' — ROI 0.0% (within bounds)
2026-05-03 04:41:54 [INFO] kimiclaw.loop -   P3: HELD 'content_creation' — ROI 0.0% (within bounds)
2026-05-03 04:41:54 [INFO] kimiclaw.loop - [Phase 4] Learning & Research
2026-05-03 04:41:54 [INFO] kimiclaw.loop - Added skill to inventory: freelance
2026-05-03 04:41:54 [INFO] kimiclaw.loop - Added skill to inventory: content
2026-05-03 04:41:54 [INFO] kimiclaw.loop - Research opportunity: Freelance writing platforms showing increased demand
2026-05-03 04:41:54 [INFO] kimiclaw.loop -   P4: Knowledge gaps identified: {'freelance', 'content'}
2026-05-03 04:41:54 [INFO] kimiclaw.loop -   P4:   Learned: freelance
2026-05-03 04:41:54 [INFO] kimiclaw.loop -   P4:   Learned: content
2026-05-03 04:41:54 [INFO] kimiclaw.loop -   P4: Research found: Freelance writing platforms showing increased demand
2026-05-03 04:41:54 [INFO] kimiclaw.loop - [Phase 5] Reporting
2026-05-03 04:41:54 [INFO] kimiclaw.loop - State backup saved: /root/.openclaw/workspace/kimiclaw/backups/state_backup_20260502_204154.json
2026-05-03 04:41:54 [INFO] kimiclaw.loop - 12h report | iterations=1 earnings=$0.06 strategies=2
2026-05-03 04:41:54 [INFO] kimiclaw.loop -   P5: 12-hour report saved: /root/.openclaw/workspace/kimiclaw/reports/summary_20260502_204154.json
2026-05-03 04:41:54 [INFO] kimiclaw.loop -   P5: State snapshot saved (earnings=$0.06)
2026-05-03 04:41:54 [INFO] kimiclaw.loop -   P5: Resource usage within normal parameters
2026-05-03 04:41:54 [INFO] kimiclaw.loop - [Phase 6] Daily Review
2026-05-03 04:41:54 [INFO] kimiclaw.loop - Daily review | earnings=$0.06 net=$0.06 strategies=2
2026-05-03 04:41:54 [INFO] kimiclaw.loop -   P6: ==================================================
2026-05-03 04:41:54 [INFO] kimiclaw.loop -   P6: DAILY REVIEW
2026-05-03 04:41:54 [INFO] kimiclaw.loop -   P6: ==================================================
2026-05-03 04:41:54 [INFO] kimiclaw.loop -   P6: Total Earnings : $0.06
2026-05-03 04:41:54 [INFO] kimiclaw.loop -   P6: Total Expenses : $0.00
2026-05-03 04:41:54 [INFO] kimiclaw.loop -   P6: Net Profit     : $0.06
2026-05-03 04:41:54 [INFO] kimiclaw.loop -   P6: Active Strats  : 2
2026-05-03 04:41:54 [INFO] kimiclaw.loop -   P6: Portfolio rebalanced
2026-05-03 04:41:54 [INFO] kimiclaw.loop -   P6: Skills acquired: 2 (freelance, content)
2026-05-03 04:41:54 [INFO] kimiclaw.loop -   P6: Next-day plan: Focus: Increase execution frequency on top-performing strategies
2026-05-03 04:41:54 [INFO] kimiclaw.loop -   P6: Daily review complete
[2026-05-02T20:47:01Z] Worker 20260502_204701 complete | article+research generated | state updated
[2026-05-02T20:47:39Z] BeatsHeaven Engine 20260502_204739 | The Rise of Afrobeats and Amapiano: Production Tips for Producers | article+social+research
[2026-05-02T20:49:43Z] BeatsHeaven Engine 20260502_204943 | The Rise of Afrobeats and Amapiano: Production Tips for Producers | article+social+research
[2026-05-02T20:49:45Z] BeatsHeaven Engine 20260502_204945 | The Rise of Afrobeats and Amapiano: Production Tips for Producers | article+social+research
[2026-05-02T20:49:47Z] BeatsHeaven Engine 20260502_204947 | The Rise of Afrobeats and Amapiano: Production Tips for Producers | article+social+research
[2026-05-02T20:50:30Z] BeatsHeaven Engine 20260502_205030 | How to Sell Beats Online in 2026: The Complete Producer's Guide | article+social+research
[2026-05-02T20:50:41Z] BeatsHeaven Engine 20260502_205041 | BeatsHeaven vs BeatStars: Which Platform is Better for Producers? | article+social+research
[2026-05-02T20:50:41Z] BeatsHeaven Engine 20260502_205041 | Top 10 Trap Beat Trends Dominating 2026 | article+social+research
[2026-05-02T20:50:42Z] BeatsHeaven Engine 20260502_205042 | How to Price Your Beats: A Data-Driven Guide for Music Producers | article+social+research
[2026-05-02T20:52:01Z] BeatsHeaven Engine 20260502_205201 | Understanding Beat Licensing: Exclusive vs Non-Exclusive vs Lease | article+social+research
[2026-05-02T20:57:44Z] Trend Monitor 20260502_205744 | Reddit + keywords + opportunities
[2026-05-02T21:07:01Z] Trend Monitor 20260502_210701 | Reddit + keywords + opportunities
2026-05-03 05:11:54 [INFO] kimiclaw.loop - --- Tick 3 at 2026-05-02T21:11:54.817343+00:00 ---
2026-05-03 05:11:54 [INFO] kimiclaw.loop - [Phase 1] State Assessment
2026-05-03 05:11:54 [WARNING] kimiclaw.loop - Daily earnings ($0.00) below target ($1.00)
2026-05-03 05:11:54 [INFO] kimiclaw.loop - Status | earnings=$0.06 expenses=$0.00 net=$0.06 strategies=2
2026-05-03 05:11:54 [INFO] kimiclaw.loop -   P1: Daily earnings ($0.00) below target ($1.00)
2026-05-03 05:11:54 [INFO] kimiclaw.loop -   P1: 2 active strategies
2026-05-03 05:11:54 [INFO] kimiclaw.loop -   P1:   Strategy 'micro_tasks' — status: active
2026-05-03 05:11:54 [INFO] kimiclaw.loop -   P1:   Strategy 'content_creation' — status: active
2026-05-03 05:11:54 [INFO] kimiclaw.loop - [Phase 2] Strategy Execution
2026-05-03 05:11:54 [INFO] kimiclaw.loop -   P2: Strategy 'micro_tasks': executed 5 tasks
2026-05-03 05:11:54 [INFO] kimiclaw.loop -   P2:   +$0.0193 from 'micro_tasks'
2026-05-03 05:11:54 [INFO] kimiclaw.loop -   P2: Strategy 'content_creation': executed 2 tasks
2026-05-03 05:11:54 [INFO] kimiclaw.loop -   P2:   +$0.0065 from 'content_creation'
[2026-05-02T21:17:01Z] Worker 20260502_211701 complete | article+research generated | state updated
[2026-05-02T21:22:01Z] BeatsHeaven Engine 20260502_212201 | Mobile-First Beat Marketplaces: Why BeatsHeaven Leads the Way | article+social+research
[2026-05-02T21:37:01Z] Trend Monitor 20260502_213701 | Reddit + keywords + opportunities
2026-05-03 05:41:55 [INFO] kimiclaw.loop - --- Tick 4 at 2026-05-02T21:41:55.018986+00:00 ---
2026-05-03 05:41:55 [INFO] kimiclaw.loop - [Phase 1] State Assessment
2026-05-03 05:41:55 [WARNING] kimiclaw.loop - Daily earnings ($0.00) below target ($1.00)
2026-05-03 05:41:55 [INFO] kimiclaw.loop - Status | earnings=$0.09 expenses=$0.00 net=$0.09 strategies=2
2026-05-03 05:41:55 [INFO] kimiclaw.loop -   P1: Daily earnings ($0.00) below target ($1.00)
2026-05-03 05:41:55 [INFO] kimiclaw.loop -   P1: 2 active strategies
2026-05-03 05:41:55 [INFO] kimiclaw.loop -   P1:   Strategy 'micro_tasks' — status: active
2026-05-03 05:41:55 [INFO] kimiclaw.loop -   P1:   Strategy 'content_creation' — status: active
2026-05-03 05:41:55 [INFO] kimiclaw.loop - [Phase 2] Strategy Execution
2026-05-03 05:41:55 [INFO] kimiclaw.loop -   P2: Strategy 'micro_tasks': executed 5 tasks
2026-05-03 05:41:55 [INFO] kimiclaw.loop -   P2:   +$0.0321 from 'micro_tasks'
2026-05-03 05:41:55 [INFO] kimiclaw.loop -   P2: Strategy 'content_creation': executed 2 tasks
2026-05-03 05:41:55 [INFO] kimiclaw.loop -   P2:   +$0.0347 from 'content_creation'
[2026-05-02T21:47:01Z] Worker 20260502_214701 complete | article+research generated | state updated
[2026-05-02T21:52:01Z] BeatsHeaven Engine 20260502_215201 | How to Build a Producer Brand on Social Media in 2026 | article+social+research
[2026-05-02T22:07:01Z] Trend Monitor 20260502_220701 | Reddit + keywords + opportunities
2026-05-03 06:11:55 [INFO] kimiclaw.loop - --- Tick 5 at 2026-05-02T22:11:55.226116+00:00 ---
2026-05-03 06:11:55 [INFO] kimiclaw.loop - [Phase 1] State Assessment
2026-05-03 06:11:55 [WARNING] kimiclaw.loop - Daily earnings ($0.00) below target ($1.00)
2026-05-03 06:11:55 [INFO] kimiclaw.loop - Status | earnings=$0.15 expenses=$0.00 net=$0.15 strategies=2
2026-05-03 06:11:55 [INFO] kimiclaw.loop -   P1: Daily earnings ($0.00) below target ($1.00)
2026-05-03 06:11:55 [INFO] kimiclaw.loop -   P1: 2 active strategies
2026-05-03 06:11:55 [INFO] kimiclaw.loop -   P1:   Strategy 'micro_tasks' — status: active
2026-05-03 06:11:55 [INFO] kimiclaw.loop -   P1:   Strategy 'content_creation' — status: active
2026-05-03 06:11:55 [INFO] kimiclaw.loop - [Phase 2] Strategy Execution
2026-05-03 06:11:55 [INFO] kimiclaw.loop -   P2: Strategy 'micro_tasks': executed 5 tasks
2026-05-03 06:11:55 [INFO] kimiclaw.loop -   P2:   +$0.0208 from 'micro_tasks'
2026-05-03 06:11:55 [INFO] kimiclaw.loop -   P2: Strategy 'content_creation': executed 2 tasks
2026-05-03 06:11:55 [INFO] kimiclaw.loop -   P2:   +$0.0299 from 'content_creation'
[2026-05-02T22:17:01Z] Worker 20260502_221701 complete | article+research generated | state updated
[2026-05-02T22:22:01Z] BeatsHeaven Engine 20260502_222201 | The Rise of Afrobeats and Amapiano: Production Tips for Producers | article+social+research
[2026-05-02T22:37:01Z] Trend Monitor 20260502_223701 | Reddit + keywords + opportunities
2026-05-03 06:41:55 [INFO] kimiclaw.loop - --- Tick 6 at 2026-05-02T22:41:55.436036+00:00 ---
2026-05-03 06:41:55 [INFO] kimiclaw.loop - [Phase 1] State Assessment
2026-05-03 06:41:55 [WARNING] kimiclaw.loop - Daily earnings ($0.00) below target ($1.00)
2026-05-03 06:41:55 [INFO] kimiclaw.loop - Status | earnings=$0.20 expenses=$0.00 net=$0.20 strategies=2
2026-05-03 06:41:55 [INFO] kimiclaw.loop -   P1: Daily earnings ($0.00) below target ($1.00)
2026-05-03 06:41:55 [INFO] kimiclaw.loop -   P1: 2 active strategies
2026-05-03 06:41:55 [INFO] kimiclaw.loop -   P1:   Strategy 'micro_tasks' — status: active
2026-05-03 06:41:55 [INFO] kimiclaw.loop -   P1:   Strategy 'content_creation' — status: active
2026-05-03 06:41:55 [INFO] kimiclaw.loop - [Phase 2] Strategy Execution
2026-05-03 06:41:55 [INFO] kimiclaw.loop -   P2: Strategy 'micro_tasks': executed 0 tasks
2026-05-03 06:41:55 [INFO] kimiclaw.loop -   P2:   +$0.0194 from 'micro_tasks'
2026-05-03 06:41:55 [INFO] kimiclaw.loop -   P2: Strategy 'content_creation': executed 2 tasks
2026-05-03 06:41:55 [INFO] kimiclaw.loop -   P2:   +$0.0367 from 'content_creation'
[2026-05-02T22:47:01Z] Worker 20260502_224701 complete | article+research generated | state updated
[2026-05-02T22:52:01Z] BeatsHeaven Engine 20260502_225201 | Detroit Phonk: How to Make the Underground Sound That's Taking Over | article+social+research
[2026-05-02T23:07:01Z] Trend Monitor 20260502_230701 | Reddit + keywords + opportunities
2026-05-03 07:11:55 [INFO] kimiclaw.loop - --- Tick 7 at 2026-05-02T23:11:55.635160+00:00 ---
2026-05-03 07:11:55 [INFO] kimiclaw.loop - [Phase 1] State Assessment
2026-05-03 07:11:55 [WARNING] kimiclaw.loop - Daily earnings ($0.00) below target ($1.00)
2026-05-03 07:11:55 [INFO] kimiclaw.loop - Status | earnings=$0.26 expenses=$0.00 net=$0.26 strategies=2
2026-05-03 07:11:55 [INFO] kimiclaw.loop -   P1: Daily earnings ($0.00) below target ($1.00)
2026-05-03 07:11:55 [INFO] kimiclaw.loop -   P1: 2 active strategies
2026-05-03 07:11:55 [INFO] kimiclaw.loop -   P1:   Strategy 'micro_tasks' — status: active
2026-05-03 07:11:55 [INFO] kimiclaw.loop -   P1:   Strategy 'content_creation' — status: active
2026-05-03 07:11:55 [INFO] kimiclaw.loop - [Phase 2] Strategy Execution
2026-05-03 07:11:55 [INFO] kimiclaw.loop -   P2: Strategy 'micro_tasks': executed 0 tasks
2026-05-03 07:11:55 [INFO] kimiclaw.loop -   P2:   +$0.0262 from 'micro_tasks'
2026-05-03 07:11:55 [INFO] kimiclaw.loop -   P2: Strategy 'content_creation': executed 0 tasks
2026-05-03 07:11:55 [INFO] kimiclaw.loop -   P2:   +$0.0266 from 'content_creation'
[2026-05-02T23:17:01Z] Worker 20260502_231701 complete | article+research generated | state updated
[2026-05-02T23:22:01Z] BeatsHeaven Engine 20260502_232201 | How to Get Your First 100 Beat Sales on Any Platform | article+social+research
[2026-05-02T23:37:01Z] Trend Monitor 20260502_233701 | Reddit + keywords + opportunities
2026-05-03 07:41:55 [INFO] kimiclaw.loop - --- Tick 8 at 2026-05-02T23:41:55.847355+00:00 ---
2026-05-03 07:41:55 [INFO] kimiclaw.loop - [Phase 1] State Assessment
2026-05-03 07:41:55 [WARNING] kimiclaw.loop - Daily earnings ($0.00) below target ($1.00)
2026-05-03 07:41:55 [INFO] kimiclaw.loop - Status | earnings=$0.31 expenses=$0.00 net=$0.31 strategies=2
2026-05-03 07:41:55 [INFO] kimiclaw.loop -   P1: Daily earnings ($0.00) below target ($1.00)
2026-05-03 07:41:55 [INFO] kimiclaw.loop -   P1: 2 active strategies
2026-05-03 07:41:55 [INFO] kimiclaw.loop -   P1:   Strategy 'micro_tasks' — status: active
2026-05-03 07:41:55 [INFO] kimiclaw.loop -   P1:   Strategy 'content_creation' — status: active
2026-05-03 07:41:55 [INFO] kimiclaw.loop - [Phase 2] Strategy Execution
2026-05-03 07:41:55 [INFO] kimiclaw.loop -   P2: Strategy 'micro_tasks': executed 0 tasks
2026-05-03 07:41:55 [INFO] kimiclaw.loop -   P2:   +$0.0235 from 'micro_tasks'
2026-05-03 07:41:55 [INFO] kimiclaw.loop -   P2: Strategy 'content_creation': executed 0 tasks
2026-05-03 07:41:55 [INFO] kimiclaw.loop -   P2:   +$0.0419 from 'content_creation'
[2026-05-02T23:47:01Z] Worker 20260502_234701 complete | article+research generated | state updated
[2026-05-02T23:52:01Z] BeatsHeaven Engine 20260502_235201 | Zero Buyer Fees Explained: Why BeatsHeaven Saves Artists Money | article+social+research
[2026-05-03T00:07:01Z] Trend Monitor 20260503_000701 | Reddit + keywords + opportunities
2026-05-03 08:11:56 [INFO] kimiclaw.loop - --- Tick 9 at 2026-05-03T00:11:56.080578+00:00 ---
2026-05-03 08:11:56 [INFO] kimiclaw.loop - [Phase 1] State Assessment
2026-05-03 08:11:56 [WARNING] kimiclaw.loop - Daily earnings ($0.00) below target ($1.00)
2026-05-03 08:11:56 [INFO] kimiclaw.loop - Status | earnings=$0.38 expenses=$0.00 net=$0.38 strategies=2
2026-05-03 08:11:56 [INFO] kimiclaw.loop -   P1: Daily earnings ($0.00) below target ($1.00)
2026-05-03 08:11:56 [INFO] kimiclaw.loop -   P1: 2 active strategies
2026-05-03 08:11:56 [INFO] kimiclaw.loop -   P1:   Strategy 'micro_tasks' — status: active
2026-05-03 08:11:56 [INFO] kimiclaw.loop -   P1:   Strategy 'content_creation' — status: active
2026-05-03 08:11:56 [INFO] kimiclaw.loop - [Phase 2] Strategy Execution
2026-05-03 08:11:56 [INFO] kimiclaw.loop -   P2: Strategy 'micro_tasks': executed 0 tasks
2026-05-03 08:11:56 [INFO] kimiclaw.loop -   P2:   +$0.0186 from 'micro_tasks'
2026-05-03 08:11:56 [INFO] kimiclaw.loop -   P2: Strategy 'content_creation': executed 0 tasks
2026-05-03 08:11:56 [INFO] kimiclaw.loop -   P2:   +$0.0461 from 'content_creation'
[2026-05-03T00:17:01Z] Worker 20260503_001701 complete | article+research generated | state updated
[2026-05-03T00:22:01Z] BeatsHeaven Engine 20260503_002201 | From Bedroom Producer to Full-Time Income: A 90-Day Roadmap | article+social+research
