═══════════════════════════════════════════════════════════════
  BEATSHEAVEN CONTENT ENGINE — 2026-05-02T21:22:01Z
═══════════════════════════════════════════════════════════════

📄 PHASE 1: SEO Article Generation
✅ Article: /root/.openclaw/workspace/kimiclaw/content/mobile-first-beat-marketplaces-why-beatsheaven-leads-the-way_20260502_212201.md

📱 PHASE 2: Social Media Content
✅ Social pack: /root/.openclaw/workspace/kimiclaw/social/social_20260502_212201.md

🔍 PHASE 3: SEO Keyword Research
✅ Keywords: /root/.openclaw/workspace/kimiclaw/research/keywords_20260502_212201.md

📊 PHASE 4: State Update
State updated — total iterations: 5

═══════════════════════════════════════════════════════════════
  BEATSHEAVEN ENGINE COMPLETE — 2026-05-02T21:22:01Z
═══════════════════════════════════════════════════════════════
  Outputs:
    • Article:    content/mobile-first-beat-marketplaces-why-beatsheaven-leads-the-way_20260502_212201.md
    • Social:     social/social_20260502_212201.md
    • Keywords:   research/keywords_20260502_212201.md
    • Log:        logs/beatsheaven_20260502_212201.log
═══════════════════════════════════════════════════════════════
