═══════════════════════════════════════════════════════════════
  BEATSHEAVEN CONTENT ENGINE — 2026-05-02T20:50:30Z
═══════════════════════════════════════════════════════════════

📄 PHASE 1: SEO Article Generation
✅ Article: /root/.openclaw/workspace/kimiclaw/content/how-to-sell-beats-online-in-2026-the-complete-producers-guide_20260502_205030.md

📱 PHASE 2: Social Media Content
✅ Social pack: /root/.openclaw/workspace/kimiclaw/social/social_20260502_205030.md

🔍 PHASE 3: SEO Keyword Research
✅ Keywords: /root/.openclaw/workspace/kimiclaw/research/keywords_20260502_205030.md

📊 PHASE 4: State Update
State updated — total iterations: 8

═══════════════════════════════════════════════════════════════
  BEATSHEAVEN ENGINE COMPLETE — 2026-05-02T20:50:30Z
═══════════════════════════════════════════════════════════════
  Outputs:
    • Article:    content/how-to-sell-beats-online-in-2026-the-complete-producers-guide_20260502_205030.md
    • Social:     social/social_20260502_205030.md
    • Keywords:   research/keywords_20260502_205030.md
    • Log:        logs/beatsheaven_20260502_205030.log
═══════════════════════════════════════════════════════════════
