═══════════════════════════════════════════════════════════════
  BEATSHEAVEN CONTENT ENGINE — 2026-05-02T20:47:39Z
═══════════════════════════════════════════════════════════════

📄 PHASE 1: SEO Article Generation
✅ Article: /root/.openclaw/workspace/kimiclaw/content/the-rise-of-afrobeats-and-amapiano-production-tips-for-producers_20260502_204739.md

📱 PHASE 2: Social Media Content
✅ Social pack: /root/.openclaw/workspace/kimiclaw/social/social_20260502_204739.md

🔍 PHASE 3: SEO Keyword Research
✅ Keywords: /root/.openclaw/workspace/kimiclaw/research/keywords_20260502_204739.md

📊 PHASE 4: State Update
State updated — total iterations: 4

═══════════════════════════════════════════════════════════════
  BEATSHEAVEN ENGINE COMPLETE — 2026-05-02T20:47:39Z
═══════════════════════════════════════════════════════════════
  Outputs:
    • Article:    content/the-rise-of-afrobeats-and-amapiano-production-tips-for-producers_20260502_204739.md
    • Social:     social/social_20260502_204739.md
    • Keywords:   research/keywords_20260502_204739.md
    • Log:        logs/beatsheaven_20260502_204739.log
═══════════════════════════════════════════════════════════════
