═══════════════════════════════════════════════════════════════
  BEATSHEAVEN CONTENT ENGINE — 2026-05-03T00:22:01Z
═══════════════════════════════════════════════════════════════

📄 PHASE 1: SEO Article Generation
✅ Article: /root/.openclaw/workspace/kimiclaw/content/from-bedroom-producer-to-full-time-income-a-90-day-roadmap_20260503_002201.md

📱 PHASE 2: Social Media Content
✅ Social pack: /root/.openclaw/workspace/kimiclaw/social/social_20260503_002201.md

🔍 PHASE 3: SEO Keyword Research
✅ Keywords: /root/.openclaw/workspace/kimiclaw/research/keywords_20260503_002201.md

📊 PHASE 4: State Update
State updated — total iterations: 11

═══════════════════════════════════════════════════════════════
  BEATSHEAVEN ENGINE COMPLETE — 2026-05-03T00:22:01Z
═══════════════════════════════════════════════════════════════
  Outputs:
    • Article:    content/from-bedroom-producer-to-full-time-income-a-90-day-roadmap_20260503_002201.md
    • Social:     social/social_20260503_002201.md
    • Keywords:   research/keywords_20260503_002201.md
    • Log:        logs/beatsheaven_20260503_002201.log
═══════════════════════════════════════════════════════════════
