═══════════════════════════════════════════════════════════════
  BEATSHEAVEN CONTENT ENGINE — 2026-05-03T09:22:01Z
═══════════════════════════════════════════════════════════════

📄 PHASE 1: SEO Article Generation
✅ Article: /root/.openclaw/workspace/kimiclaw/content/detroit-phonk-how-to-make-the-underground-sound-thats-taking-over_20260503_092201.md

📱 PHASE 2: Social Media Content
✅ Social pack: /root/.openclaw/workspace/kimiclaw/social/social_20260503_092201.md

🔍 PHASE 3: SEO Keyword Research
✅ Keywords: /root/.openclaw/workspace/kimiclaw/research/keywords_20260503_092201.md

📊 PHASE 4: State Update
State updated — total iterations: 29

═══════════════════════════════════════════════════════════════
  BEATSHEAVEN ENGINE COMPLETE — 2026-05-03T09:22:01Z
═══════════════════════════════════════════════════════════════
  Outputs:
    • Article:    content/detroit-phonk-how-to-make-the-underground-sound-thats-taking-over_20260503_092201.md
    • Social:     social/social_20260503_092201.md
    • Keywords:   research/keywords_20260503_092201.md
    • Log:        logs/beatsheaven_20260503_092201.log
═══════════════════════════════════════════════════════════════
