═══════════════════════════════════════════════════════════════
  BEATSHEAVEN CONTENT ENGINE — 2026-05-02T20:52:01Z
═══════════════════════════════════════════════════════════════

📄 PHASE 1: SEO Article Generation
✅ Article: /root/.openclaw/workspace/kimiclaw/content/understanding-beat-licensing-exclusive-vs-non-exclusive-vs-lease_20260502_205201.md

📱 PHASE 2: Social Media Content
✅ Social pack: /root/.openclaw/workspace/kimiclaw/social/social_20260502_205201.md

🔍 PHASE 3: SEO Keyword Research
✅ Keywords: /root/.openclaw/workspace/kimiclaw/research/keywords_20260502_205201.md

📊 PHASE 4: State Update
State updated — total iterations: 12

═══════════════════════════════════════════════════════════════
  BEATSHEAVEN ENGINE COMPLETE — 2026-05-02T20:52:01Z
═══════════════════════════════════════════════════════════════
  Outputs:
    • Article:    content/understanding-beat-licensing-exclusive-vs-non-exclusive-vs-lease_20260502_205201.md
    • Social:     social/social_20260502_205201.md
    • Keywords:   research/keywords_20260502_205201.md
    • Log:        logs/beatsheaven_20260502_205201.log
═══════════════════════════════════════════════════════════════
