═══════════════════════════════════════════════════════════════
  BEATSHEAVEN CONTENT ENGINE — 2026-05-03T01:52:01Z
═══════════════════════════════════════════════════════════════

📄 PHASE 1: SEO Article Generation
✅ Article: /root/.openclaw/workspace/kimiclaw/content/why-instant-license-delivery-matters-for-beat-marketplaces_20260503_015201.md

📱 PHASE 2: Social Media Content
✅ Social pack: /root/.openclaw/workspace/kimiclaw/social/social_20260503_015201.md

🔍 PHASE 3: SEO Keyword Research
✅ Keywords: /root/.openclaw/workspace/kimiclaw/research/keywords_20260503_015201.md

📊 PHASE 4: State Update
State updated — total iterations: 14

═══════════════════════════════════════════════════════════════
  BEATSHEAVEN ENGINE COMPLETE — 2026-05-03T01:52:01Z
═══════════════════════════════════════════════════════════════
  Outputs:
    • Article:    content/why-instant-license-delivery-matters-for-beat-marketplaces_20260503_015201.md
    • Social:     social/social_20260503_015201.md
    • Keywords:   research/keywords_20260503_015201.md
    • Log:        logs/beatsheaven_20260503_015201.log
═══════════════════════════════════════════════════════════════
