═══════════════════════════════════════════════════════════════
  BEATSHEAVEN CONTENT ENGINE — 2026-05-02T20:50:42Z
═══════════════════════════════════════════════════════════════

📄 PHASE 1: SEO Article Generation
✅ Article: /root/.openclaw/workspace/kimiclaw/content/how-to-price-your-beats-a-data-driven-guide-for-music-producers_20260502_205042.md

📱 PHASE 2: Social Media Content
✅ Social pack: /root/.openclaw/workspace/kimiclaw/social/social_20260502_205042.md

🔍 PHASE 3: SEO Keyword Research
✅ Keywords: /root/.openclaw/workspace/kimiclaw/research/keywords_20260502_205042.md

📊 PHASE 4: State Update
State updated — total iterations: 11

═══════════════════════════════════════════════════════════════
  BEATSHEAVEN ENGINE COMPLETE — 2026-05-02T20:50:42Z
═══════════════════════════════════════════════════════════════
  Outputs:
    • Article:    content/how-to-price-your-beats-a-data-driven-guide-for-music-producers_20260502_205042.md
    • Social:     social/social_20260502_205042.md
    • Keywords:   research/keywords_20260502_205042.md
    • Log:        logs/beatsheaven_20260502_205042.log
═══════════════════════════════════════════════════════════════
