═══════════════════════════════════════════════════════════════
  BEATSHEAVEN CONTENT ENGINE — 2026-05-03T01:22:01Z
═══════════════════════════════════════════════════════════════

📄 PHASE 1: SEO Article Generation
✅ Article: /root/.openclaw/workspace/kimiclaw/content/the-business-of-type-beats-seo-tags-and-discovery_20260503_012201.md

📱 PHASE 2: Social Media Content
✅ Social pack: /root/.openclaw/workspace/kimiclaw/social/social_20260503_012201.md

🔍 PHASE 3: SEO Keyword Research
✅ Keywords: /root/.openclaw/workspace/kimiclaw/research/keywords_20260503_012201.md

📊 PHASE 4: State Update
State updated — total iterations: 13

═══════════════════════════════════════════════════════════════
  BEATSHEAVEN ENGINE COMPLETE — 2026-05-03T01:22:01Z
═══════════════════════════════════════════════════════════════
  Outputs:
    • Article:    content/the-business-of-type-beats-seo-tags-and-discovery_20260503_012201.md
    • Social:     social/social_20260503_012201.md
    • Keywords:   research/keywords_20260503_012201.md
    • Log:        logs/beatsheaven_20260503_012201.log
═══════════════════════════════════════════════════════════════
