═══════════════════════════════════════════════════════════════
  BEATSHEAVEN CONTENT ENGINE — 2026-05-03T05:52:01Z
═══════════════════════════════════════════════════════════════

📄 PHASE 1: SEO Article Generation
✅ Article: /root/.openclaw/workspace/kimiclaw/content/top-10-trap-beat-trends-dominating-2026_20260503_055201.md

📱 PHASE 2: Social Media Content
✅ Social pack: /root/.openclaw/workspace/kimiclaw/social/social_20260503_055201.md

🔍 PHASE 3: SEO Keyword Research
✅ Keywords: /root/.openclaw/workspace/kimiclaw/research/keywords_20260503_055201.md

📊 PHASE 4: State Update
State updated — total iterations: 22

═══════════════════════════════════════════════════════════════
  BEATSHEAVEN ENGINE COMPLETE — 2026-05-03T05:52:01Z
═══════════════════════════════════════════════════════════════
  Outputs:
    • Article:    content/top-10-trap-beat-trends-dominating-2026_20260503_055201.md
    • Social:     social/social_20260503_055201.md
    • Keywords:   research/keywords_20260503_055201.md
    • Log:        logs/beatsheaven_20260503_055201.log
═══════════════════════════════════════════════════════════════
