═══════════════════════════════════════════════════════════════
  BEATSHEAVEN CONTENT ENGINE — 2026-05-02T20:50:41Z
═══════════════════════════════════════════════════════════════

📄 PHASE 1: SEO Article Generation
✅ Article: /root/.openclaw/workspace/kimiclaw/content/beatsheaven-vs-beatstars-which-platform-is-better-for-producers_20260502_205041.md

📱 PHASE 2: Social Media Content
✅ Social pack: /root/.openclaw/workspace/kimiclaw/social/social_20260502_205041.md

🔍 PHASE 3: SEO Keyword Research
✅ Keywords: /root/.openclaw/workspace/kimiclaw/research/keywords_20260502_205041.md

📊 PHASE 4: State Update
State updated — total iterations: 9

═══════════════════════════════════════════════════════════════
  BEATSHEAVEN ENGINE COMPLETE — 2026-05-02T20:50:41Z
═══════════════════════════════════════════════════════════════
  Outputs:
    • Article:    content/beatsheaven-vs-beatstars-which-platform-is-better-for-producers_20260502_205041.md
    • Social:     social/social_20260502_205041.md
    • Keywords:   research/keywords_20260502_205041.md
    • Log:        logs/beatsheaven_20260502_205041.log
═══════════════════════════════════════════════════════════════
═══════════════════════════════════════════════════════════════
  BEATSHEAVEN CONTENT ENGINE — 2026-05-02T20:50:41Z
═══════════════════════════════════════════════════════════════

📄 PHASE 1: SEO Article Generation
✅ Article: /root/.openclaw/workspace/kimiclaw/content/top-10-trap-beat-trends-dominating-2026_20260502_205041.md

📱 PHASE 2: Social Media Content
✅ Social pack: /root/.openclaw/workspace/kimiclaw/social/social_20260502_205041.md

🔍 PHASE 3: SEO Keyword Research
✅ Keywords: /root/.openclaw/workspace/kimiclaw/research/keywords_20260502_205041.md

📊 PHASE 4: State Update
State updated — total iterations: 10

═══════════════════════════════════════════════════════════════
  BEATSHEAVEN ENGINE COMPLETE — 2026-05-02T20:50:42Z
═══════════════════════════════════════════════════════════════
  Outputs:
    • Article:    content/top-10-trap-beat-trends-dominating-2026_20260502_205041.md
    • Social:     social/social_20260502_205041.md
    • Keywords:   research/keywords_20260502_205041.md
    • Log:        logs/beatsheaven_20260502_205041.log
═══════════════════════════════════════════════════════════════
