═══════════════════════════════════════════════════════════════
  BEATSHEAVEN CONTENT ENGINE — 2026-05-02T23:22:01Z
═══════════════════════════════════════════════════════════════

📄 PHASE 1: SEO Article Generation
✅ Article: /root/.openclaw/workspace/kimiclaw/content/how-to-get-your-first-100-beat-sales-on-any-platform_20260502_232201.md

📱 PHASE 2: Social Media Content
✅ Social pack: /root/.openclaw/workspace/kimiclaw/social/social_20260502_232201.md

🔍 PHASE 3: SEO Keyword Research
✅ Keywords: /root/.openclaw/workspace/kimiclaw/research/keywords_20260502_232201.md

📊 PHASE 4: State Update
State updated — total iterations: 9

═══════════════════════════════════════════════════════════════
  BEATSHEAVEN ENGINE COMPLETE — 2026-05-02T23:22:01Z
═══════════════════════════════════════════════════════════════
  Outputs:
    • Article:    content/how-to-get-your-first-100-beat-sales-on-any-platform_20260502_232201.md
    • Social:     social/social_20260502_232201.md
    • Keywords:   research/keywords_20260502_232201.md
    • Log:        logs/beatsheaven_20260502_232201.log
═══════════════════════════════════════════════════════════════
