═══════════════════════════════════════════════════════════════
  BEATSHEAVEN CONTENT ENGINE — 2026-05-02T21:52:01Z
═══════════════════════════════════════════════════════════════

📄 PHASE 1: SEO Article Generation
✅ Article: /root/.openclaw/workspace/kimiclaw/content/how-to-build-a-producer-brand-on-social-media-in-2026_20260502_215201.md

📱 PHASE 2: Social Media Content
✅ Social pack: /root/.openclaw/workspace/kimiclaw/social/social_20260502_215201.md

🔍 PHASE 3: SEO Keyword Research
✅ Keywords: /root/.openclaw/workspace/kimiclaw/research/keywords_20260502_215201.md

📊 PHASE 4: State Update
State updated — total iterations: 6

═══════════════════════════════════════════════════════════════
  BEATSHEAVEN ENGINE COMPLETE — 2026-05-02T21:52:01Z
═══════════════════════════════════════════════════════════════
  Outputs:
    • Article:    content/how-to-build-a-producer-brand-on-social-media-in-2026_20260502_215201.md
    • Social:     social/social_20260502_215201.md
    • Keywords:   research/keywords_20260502_215201.md
    • Log:        logs/beatsheaven_20260502_215201.log
═══════════════════════════════════════════════════════════════
