═══════════════════════════════════════════════════════════════
  KIMICLAW WORKER — 2026-05-02T23:17:01Z
═══════════════════════════════════════════════════════════════

📄 PHASE 1: Content Generation
✅ Generated article: /root/.openclaw/workspace/kimiclaw/data/article_20260502_231701.md

🔍 PHASE 2: Opportunity Research
✅ Saved research: /root/.openclaw/workspace/kimiclaw/data/research_20260502_231701.md

💻 PHASE 3: GitHub Activity
[master f1a804b] Kimiclaw auto-update: 20260502_231701
 20 files changed, 509 insertions(+), 8 deletions(-)
 create mode 100644 kimiclaw/content/detroit-phonk-how-to-make-the-underground-sound-thats-taking-over_20260502_225201.md
 create mode 100644 kimiclaw/data/article_20260502_231701.md
 create mode 100644 kimiclaw/data/research_20260502_231701.md
 create mode 100644 kimiclaw/logs/beatsheaven_20260502_225201.log
 create mode 100644 kimiclaw/logs/trends_20260502_230701.log
 create mode 100644 kimiclaw/logs/worker_20260502_231701.log
 create mode 100644 kimiclaw/research/keywords_20260502_225201.md
 create mode 100644 kimiclaw/social/social_20260502_225201.md
 create mode 100644 kimiclaw/trends/keywords_20260502_230701.md
 create mode 100644 kimiclaw/trends/opportunities_20260502_230701.md
 create mode 100644 kimiclaw/trends/reddit_20260502_230701.md
 create mode 100644 viraloop-output/carousels/carousel_20260502_225701_1002.txt
Push skipped or failed
✅ GitHub sync attempted

📊 PHASE 4: State Update
State updated — total iterations: 8

═══════════════════════════════════════════════════════════════
  WORKER COMPLETE — 2026-05-02T23:17:01Z
═══════════════════════════════════════════════════════════════
  Outputs:
    • Article:    article_20260502_231701.md
    • Research:   research_20260502_231701.md
    • Log:        worker_20260502_231701.log
═══════════════════════════════════════════════════════════════
