═══════════════════════════════════════════════════════════════
  KIMICLAW WORKER — 2026-05-03T05:17:01Z
═══════════════════════════════════════════════════════════════

📄 PHASE 1: Content Generation
✅ Generated article: /root/.openclaw/workspace/kimiclaw/data/article_20260503_051701.md

🔍 PHASE 2: Opportunity Research
✅ Saved research: /root/.openclaw/workspace/kimiclaw/data/research_20260503_051701.md

💻 PHASE 3: GitHub Activity
[master 5b63f7d] Kimiclaw auto-update: 20260503_051701
 58 files changed, 2045 insertions(+), 13 deletions(-)
 create mode 100644 kimiclaw-toolkit/outputs/analytics_ecommerce_20260503_051001.md
 create mode 100644 kimiclaw-toolkit/outputs/analytics_freelance_20260503_051501.md
 create mode 100644 kimiclaw-toolkit/outputs/analytics_health_20260503_045001.md
 create mode 100644 kimiclaw-toolkit/outputs/analytics_music-production_20260503_045501.md
 create mode 100644 kimiclaw-toolkit/outputs/analytics_saas_20260503_050501.md
 create mode 100644 kimiclaw-toolkit/outputs/article_ecommerce_20260503_051001.md
 create mode 100644 kimiclaw-toolkit/outputs/article_freelance_20260503_051501.md
 create mode 100644 kimiclaw-toolkit/outputs/article_health_20260503_045001.md
 create mode 100644 kimiclaw-toolkit/outputs/article_music-production_20260503_045501.md
 create mode 100644 kimiclaw-toolkit/outputs/article_saas_20260503_050501.md
 create mode 100644 kimiclaw-toolkit/outputs/emails_ecommerce_20260503_051001.md
 create mode 100644 kimiclaw-toolkit/outputs/emails_freelance_20260503_051501.md
 create mode 100644 kimiclaw-toolkit/outputs/emails_health_20260503_045001.md
 create mode 100644 kimiclaw-toolkit/outputs/emails_music-production_20260503_045501.md
 create mode 100644 kimiclaw-toolkit/outputs/emails_saas_20260503_050501.md
 create mode 100644 kimiclaw-toolkit/outputs/leadmagnet_ecommerce_20260503_051001.md
 create mode 100644 kimiclaw-toolkit/outputs/leadmagnet_freelance_20260503_051501.md
 create mode 100644 kimiclaw-toolkit/outputs/leadmagnet_health_20260503_045001.md
 create mode 100644 kimiclaw-toolkit/outputs/leadmagnet_music-production_20260503_045501.md
 create mode 100644 kimiclaw-toolkit/outputs/leadmagnet_saas_20260503_050501.md
 create mode 100644 kimiclaw-toolkit/outputs/social_ecommerce_20260503_051001.md
 create mode 100644 kimiclaw-toolkit/outputs/social_freelance_20260503_051501.md
 create mode 100644 kimiclaw-toolkit/outputs/social_health_20260503_045001.md
 create mode 100644 kimiclaw-toolkit/outputs/social_music-production_20260503_045501.md
 create mode 100644 kimiclaw-toolkit/outputs/social_saas_20260503_050501.md
 create mode 100644 kimiclaw-toolkit/publish-queue/image_20260503_045001.jpg
 create mode 100644 kimiclaw-toolkit/publish-queue/image_20260503_045501.jpg
 create mode 100644 kimiclaw-toolkit/publish-queue/image_20260503_050501.jpg
 create mode 100644 kimiclaw-toolkit/publish-queue/image_20260503_051001.jpg
 create mode 100644 kimiclaw-toolkit/publish-queue/image_20260503_051501.jpg
 create mode 100644 kimiclaw/content/how-to-sell-beats-online-in-2026-the-complete-producers-guide_20260503_045201.md
 create mode 100644 kimiclaw/data/article_20260503_051701.md
 create mode 100644 kimiclaw/data/research_20260503_051701.md
 create mode 100644 kimiclaw/logs/beatsheaven_20260503_045201.log
 create mode 100644 kimiclaw/logs/trends_20260503_050701.log
 create mode 100644 kimiclaw/logs/worker_20260503_051701.log
 create mode 100644 kimiclaw/research/keywords_20260503_045201.md
 create mode 100644 kimiclaw/social/social_20260503_045201.md
 create mode 100644 kimiclaw/trends/keywords_20260503_050701.md
 create mode 100644 kimiclaw/trends/opportunities_20260503_050701.md
 create mode 100644 kimiclaw/trends/reddit_20260503_050701.md
 create mode 100644 logs/cron-health_20260503_050001.log
 create mode 100644 viraloop-output/carousels/carousel_20260503_045701_4278.txt
Push skipped or failed
✅ GitHub sync attempted

📊 PHASE 4: State Update
State updated — total iterations: 20

═══════════════════════════════════════════════════════════════
  WORKER COMPLETE — 2026-05-03T05:17:01Z
═══════════════════════════════════════════════════════════════
  Outputs:
    • Article:    article_20260503_051701.md
    • Research:   research_20260503_051701.md
    • Log:        worker_20260503_051701.log
═══════════════════════════════════════════════════════════════
