═══════════════════════════════════════════════════════════════
  KIMICLAW WORKER — 2026-05-03T04:17:01Z
═══════════════════════════════════════════════════════════════

📄 PHASE 1: Content Generation
✅ Generated article: /root/.openclaw/workspace/kimiclaw/data/article_20260503_041701.md

🔍 PHASE 2: Opportunity Research
✅ Saved research: /root/.openclaw/workspace/kimiclaw/data/research_20260503_041701.md

💻 PHASE 3: GitHub Activity
[master e95f17a] Kimiclaw auto-update: 20260503_041701
 18 files changed, 430 insertions(+), 39 deletions(-)
 create mode 100644 email-engine/leads/bloggers.csv
 create mode 100644 email-engine/leads/producers.csv
 create mode 100644 email-engine/logs/outreach_log.csv
 create mode 100644 kimiclaw-toolkit/outputs/analytics_freelance_20260503_041501.md
 create mode 100644 kimiclaw-toolkit/outputs/article_freelance_20260503_041501.md
 create mode 100644 kimiclaw-toolkit/outputs/emails_freelance_20260503_041501.md
 create mode 100644 kimiclaw-toolkit/outputs/leadmagnet_freelance_20260503_041501.md
 create mode 100644 kimiclaw-toolkit/outputs/social_freelance_20260503_041501.md
 create mode 100644 kimiclaw-toolkit/publish-queue/image_20260503_041501.jpg
 create mode 100644 kimiclaw/data/article_20260503_041701.md
 create mode 100644 kimiclaw/data/research_20260503_041701.md
 create mode 100644 kimiclaw/logs/worker_20260503_041701.log
Push skipped or failed
✅ GitHub sync attempted

📊 PHASE 4: State Update
State updated — total iterations: 18

═══════════════════════════════════════════════════════════════
  WORKER COMPLETE — 2026-05-03T04:17:01Z
═══════════════════════════════════════════════════════════════
  Outputs:
    • Article:    article_20260503_041701.md
    • Research:   research_20260503_041701.md
    • Log:        worker_20260503_041701.log
═══════════════════════════════════════════════════════════════
