═══════════════════════════════════════════════════════════════
  KIMICLAW WORKER — 2026-05-03T03:47:01Z
═══════════════════════════════════════════════════════════════

📄 PHASE 1: Content Generation
✅ Generated article: /root/.openclaw/workspace/kimiclaw/data/article_20260503_034701.md

🔍 PHASE 2: Opportunity Research
✅ Saved research: /root/.openclaw/workspace/kimiclaw/data/research_20260503_034701.md

💻 PHASE 3: GitHub Activity
[master 2849ee3] Kimiclaw auto-update: 20260503_034701
 67 files changed, 2438 insertions(+), 14 deletions(-)
 create mode 100644 kimiclaw-toolkit/outputs/analytics_ecommerce_20260503_034001.md
 create mode 100644 kimiclaw-toolkit/outputs/analytics_freelance_20260503_034501.md
 create mode 100644 kimiclaw-toolkit/outputs/analytics_health_20260503_032001.md
 create mode 100644 kimiclaw-toolkit/outputs/analytics_music-production_20260503_032501.md
 create mode 100644 kimiclaw-toolkit/outputs/analytics_saas_20260503_033501.md
 create mode 100644 kimiclaw-toolkit/outputs/article_ecommerce_20260503_034001.md
 create mode 100644 kimiclaw-toolkit/outputs/article_freelance_20260503_034501.md
 create mode 100644 kimiclaw-toolkit/outputs/article_health_20260503_032001.md
 create mode 100644 kimiclaw-toolkit/outputs/article_music-production_20260503_032501.md
 create mode 100644 kimiclaw-toolkit/outputs/article_saas_20260503_033501.md
 create mode 100644 kimiclaw-toolkit/outputs/emails_ecommerce_20260503_034001.md
 create mode 100644 kimiclaw-toolkit/outputs/emails_freelance_20260503_034501.md
 create mode 100644 kimiclaw-toolkit/outputs/emails_health_20260503_032001.md
 create mode 100644 kimiclaw-toolkit/outputs/emails_music-production_20260503_032501.md
 create mode 100644 kimiclaw-toolkit/outputs/emails_saas_20260503_033501.md
 create mode 100644 kimiclaw-toolkit/outputs/leadmagnet_ecommerce_20260503_034001.md
 create mode 100644 kimiclaw-toolkit/outputs/leadmagnet_freelance_20260503_034501.md
 create mode 100644 kimiclaw-toolkit/outputs/leadmagnet_health_20260503_032001.md
 create mode 100644 kimiclaw-toolkit/outputs/leadmagnet_music-production_20260503_032501.md
 create mode 100644 kimiclaw-toolkit/outputs/leadmagnet_saas_20260503_033501.md
 create mode 100644 kimiclaw-toolkit/outputs/social_ecommerce_20260503_034001.md
 create mode 100644 kimiclaw-toolkit/outputs/social_freelance_20260503_034501.md
 create mode 100644 kimiclaw-toolkit/outputs/social_health_20260503_032001.md
 create mode 100644 kimiclaw-toolkit/outputs/social_music-production_20260503_032501.md
 create mode 100644 kimiclaw-toolkit/outputs/social_saas_20260503_033501.md
 create mode 100644 kimiclaw-toolkit/publish-queue/blog_20260503_033301.md
 create mode 100644 kimiclaw-toolkit/publish-queue/email_20260503_033301.html
 create mode 100644 kimiclaw-toolkit/publish-queue/image_20260503_032001.jpg
 create mode 100644 kimiclaw-toolkit/publish-queue/image_20260503_032501.jpg
 create mode 100644 kimiclaw-toolkit/publish-queue/image_20260503_033501.jpg
 create mode 100644 kimiclaw-toolkit/publish-queue/image_20260503_034001.jpg
 create mode 100644 kimiclaw-toolkit/publish-queue/image_20260503_034501.jpg
 create mode 100644 kimiclaw-toolkit/publish-queue/instagram_20260503_033301.txt
 create mode 100644 kimiclaw-toolkit/publish-queue/reddit_20260503_033301.txt
 create mode 100644 kimiclaw-toolkit/publish-queue/twitter_20260503_033301.txt
 create mode 100644 kimiclaw/content/jersey-club-and-rage-the-genres-producers-shouldnt-ignore_20260503_032201.md
 create mode 100644 kimiclaw/data/article_20260503_034701.md
 create mode 100644 kimiclaw/data/research_20260503_034701.md
 create mode 100644 kimiclaw/logs/beatsheaven_20260503_032201.log
 create mode 100644 kimiclaw/logs/trends_20260503_033701.log
 create mode 100644 kimiclaw/logs/worker_20260503_034701.log
 create mode 100644 kimiclaw/research/keywords_20260503_032201.md
 create mode 100644 kimiclaw/social/social_20260503_032201.md
 create mode 100644 kimiclaw/trends/keywords_20260503_033701.md
 create mode 100644 kimiclaw/trends/opportunities_20260503_033701.md
 create mode 100644 kimiclaw/trends/reddit_20260503_033701.md
 create mode 100644 trendhunter-ai/content/article_20260503_114545.md
 create mode 100644 trendhunter-ai/site/portable-bluetooth-speaker-with-rgb-lights-20260503_114545.html
 create mode 100644 viraloop-output/carousels/carousel_20260503_032701_3246.txt
Push skipped or failed
✅ GitHub sync attempted

📊 PHASE 4: State Update
State updated — total iterations: 17

═══════════════════════════════════════════════════════════════
  WORKER COMPLETE — 2026-05-03T03:47:02Z
═══════════════════════════════════════════════════════════════
  Outputs:
    • Article:    article_20260503_034701.md
    • Research:   research_20260503_034701.md
    • Log:        worker_20260503_034701.log
═══════════════════════════════════════════════════════════════
