═══════════════════════════════════════════════════════════════
  KIMICLAW WORKER — 2026-05-03T07:47:01Z
═══════════════════════════════════════════════════════════════

📄 PHASE 1: Content Generation
✅ Generated article: /root/.openclaw/workspace/kimiclaw/data/article_20260503_074701.md

🔍 PHASE 2: Opportunity Research
✅ Saved research: /root/.openclaw/workspace/kimiclaw/data/research_20260503_074701.md

💻 PHASE 3: GitHub Activity
[master 8b4ef3d] Kimiclaw auto-update: 20260503_074701
 62 files changed, 2210 insertions(+), 13 deletions(-)
 create mode 100644 kimiclaw-toolkit/outputs/analytics_ecommerce_20260503_074001.md
 create mode 100644 kimiclaw-toolkit/outputs/analytics_freelance_20260503_074501.md
 create mode 100644 kimiclaw-toolkit/outputs/analytics_health_20260503_072001.md
 create mode 100644 kimiclaw-toolkit/outputs/analytics_music-production_20260503_072501.md
 create mode 100644 kimiclaw-toolkit/outputs/analytics_saas_20260503_073501.md
 create mode 100644 kimiclaw-toolkit/outputs/article_ecommerce_20260503_074001.md
 create mode 100644 kimiclaw-toolkit/outputs/article_freelance_20260503_074501.md
 create mode 100644 kimiclaw-toolkit/outputs/article_health_20260503_072001.md
 create mode 100644 kimiclaw-toolkit/outputs/article_music-production_20260503_072501.md
 create mode 100644 kimiclaw-toolkit/outputs/article_saas_20260503_073501.md
 create mode 100644 kimiclaw-toolkit/outputs/emails_ecommerce_20260503_074001.md
 create mode 100644 kimiclaw-toolkit/outputs/emails_freelance_20260503_074501.md
 create mode 100644 kimiclaw-toolkit/outputs/emails_health_20260503_072001.md
 create mode 100644 kimiclaw-toolkit/outputs/emails_music-production_20260503_072501.md
 create mode 100644 kimiclaw-toolkit/outputs/emails_saas_20260503_073501.md
 create mode 100644 kimiclaw-toolkit/outputs/leadmagnet_ecommerce_20260503_074001.md
 create mode 100644 kimiclaw-toolkit/outputs/leadmagnet_freelance_20260503_074501.md
 create mode 100644 kimiclaw-toolkit/outputs/leadmagnet_health_20260503_072001.md
 create mode 100644 kimiclaw-toolkit/outputs/leadmagnet_music-production_20260503_072501.md
 create mode 100644 kimiclaw-toolkit/outputs/leadmagnet_saas_20260503_073501.md
 create mode 100644 kimiclaw-toolkit/outputs/social_ecommerce_20260503_074001.md
 create mode 100644 kimiclaw-toolkit/outputs/social_freelance_20260503_074501.md
 create mode 100644 kimiclaw-toolkit/outputs/social_health_20260503_072001.md
 create mode 100644 kimiclaw-toolkit/outputs/social_music-production_20260503_072501.md
 create mode 100644 kimiclaw-toolkit/outputs/social_saas_20260503_073501.md
 create mode 100644 kimiclaw-toolkit/publish-queue/blog_20260503_073301.md
 create mode 100644 kimiclaw-toolkit/publish-queue/email_20260503_073301.html
 create mode 100644 kimiclaw-toolkit/publish-queue/image_20260503_072001.jpg
 create mode 100644 kimiclaw-toolkit/publish-queue/image_20260503_072501.jpg
 create mode 100644 kimiclaw-toolkit/publish-queue/image_20260503_073501.jpg
 create mode 100644 kimiclaw-toolkit/publish-queue/image_20260503_074001.jpg
 create mode 100644 kimiclaw-toolkit/publish-queue/image_20260503_074501.jpg
 create mode 100644 kimiclaw-toolkit/publish-queue/instagram_20260503_073301.txt
 create mode 100644 kimiclaw-toolkit/publish-queue/reddit_20260503_073301.txt
 create mode 100644 kimiclaw-toolkit/publish-queue/twitter_20260503_073301.txt
 create mode 100644 kimiclaw/content/understanding-beat-licensing-exclusive-vs-non-exclusive-vs-lease_20260503_072201.md
 create mode 100644 kimiclaw/data/article_20260503_074701.md
 create mode 100644 kimiclaw/data/research_20260503_074701.md
 create mode 100644 kimiclaw/logs/beatsheaven_20260503_072201.log
 create mode 100644 kimiclaw/logs/trends_20260503_073701.log
 create mode 100644 kimiclaw/logs/worker_20260503_074701.log
 create mode 100644 kimiclaw/research/keywords_20260503_072201.md
 create mode 100644 kimiclaw/social/social_20260503_072201.md
 create mode 100644 kimiclaw/trends/keywords_20260503_073701.md
 create mode 100644 kimiclaw/trends/opportunities_20260503_073701.md
 create mode 100644 kimiclaw/trends/reddit_20260503_073701.md
 create mode 100644 viraloop-output/carousels/carousel_20260503_072701_5064.txt
Push skipped or failed
✅ GitHub sync attempted

📊 PHASE 4: State Update
State updated — total iterations: 25

═══════════════════════════════════════════════════════════════
  WORKER COMPLETE — 2026-05-03T07:47:01Z
═══════════════════════════════════════════════════════════════
  Outputs:
    • Article:    article_20260503_074701.md
    • Research:   research_20260503_074701.md
    • Log:        worker_20260503_074701.log
═══════════════════════════════════════════════════════════════
