═══════════════════════════════════════════════════════════════
  KIMICLAW WORKER — 2026-05-02T23:47:01Z
═══════════════════════════════════════════════════════════════

📄 PHASE 1: Content Generation
✅ Generated article: /root/.openclaw/workspace/kimiclaw/data/article_20260502_234701.md

🔍 PHASE 2: Opportunity Research
✅ Saved research: /root/.openclaw/workspace/kimiclaw/data/research_20260502_234701.md

💻 PHASE 3: GitHub Activity
[master b9c1659] Kimiclaw auto-update: 20260502_234701
 20 files changed, 509 insertions(+), 8 deletions(-)
 create mode 100644 kimiclaw/content/how-to-get-your-first-100-beat-sales-on-any-platform_20260502_232201.md
 create mode 100644 kimiclaw/data/article_20260502_234701.md
 create mode 100644 kimiclaw/data/research_20260502_234701.md
 create mode 100644 kimiclaw/logs/beatsheaven_20260502_232201.log
 create mode 100644 kimiclaw/logs/trends_20260502_233701.log
 create mode 100644 kimiclaw/logs/worker_20260502_234701.log
 create mode 100644 kimiclaw/research/keywords_20260502_232201.md
 create mode 100644 kimiclaw/social/social_20260502_232201.md
 create mode 100644 kimiclaw/trends/keywords_20260502_233701.md
 create mode 100644 kimiclaw/trends/opportunities_20260502_233701.md
 create mode 100644 kimiclaw/trends/reddit_20260502_233701.md
 create mode 100644 viraloop-output/carousels/carousel_20260502_232701_1440.txt
Push skipped or failed
✅ GitHub sync attempted

📊 PHASE 4: State Update
State updated — total iterations: 9

═══════════════════════════════════════════════════════════════
  WORKER COMPLETE — 2026-05-02T23:47:01Z
═══════════════════════════════════════════════════════════════
  Outputs:
    • Article:    article_20260502_234701.md
    • Research:   research_20260502_234701.md
    • Log:        worker_20260502_234701.log
═══════════════════════════════════════════════════════════════
