═══════════════════════════════════════════════════════════════
  KIMICLAW WORKER — 2026-05-03T08:47:01Z
═══════════════════════════════════════════════════════════════

📄 PHASE 1: Content Generation
✅ Generated article: /root/.openclaw/workspace/kimiclaw/data/article_20260503_084701.md

🔍 PHASE 2: Opportunity Research
✅ Saved research: /root/.openclaw/workspace/kimiclaw/data/research_20260503_084701.md

💻 PHASE 3: GitHub Activity
[master 05e45d2] Kimiclaw auto-update: 20260503_084701
 64 files changed, 2368 insertions(+), 18 deletions(-)
 create mode 100644 kimiclaw-toolkit/outputs/analytics_ecommerce_20260503_084001.md
 create mode 100644 kimiclaw-toolkit/outputs/analytics_freelance_20260503_084501.md
 create mode 100644 kimiclaw-toolkit/outputs/analytics_health_20260503_082001.md
 create mode 100644 kimiclaw-toolkit/outputs/analytics_music-production_20260503_082501.md
 create mode 100644 kimiclaw-toolkit/outputs/analytics_saas_20260503_083501.md
 create mode 100644 kimiclaw-toolkit/outputs/article_ecommerce_20260503_084001.md
 create mode 100644 kimiclaw-toolkit/outputs/article_freelance_20260503_084501.md
 create mode 100644 kimiclaw-toolkit/outputs/article_health_20260503_082001.md
 create mode 100644 kimiclaw-toolkit/outputs/article_music-production_20260503_082501.md
 create mode 100644 kimiclaw-toolkit/outputs/article_saas_20260503_083501.md
 create mode 100644 kimiclaw-toolkit/outputs/emails_ecommerce_20260503_084001.md
 create mode 100644 kimiclaw-toolkit/outputs/emails_freelance_20260503_084501.md
 create mode 100644 kimiclaw-toolkit/outputs/emails_health_20260503_082001.md
 create mode 100644 kimiclaw-toolkit/outputs/emails_music-production_20260503_082501.md
 create mode 100644 kimiclaw-toolkit/outputs/emails_saas_20260503_083501.md
 create mode 100644 kimiclaw-toolkit/outputs/leadmagnet_ecommerce_20260503_084001.md
 create mode 100644 kimiclaw-toolkit/outputs/leadmagnet_freelance_20260503_084501.md
 create mode 100644 kimiclaw-toolkit/outputs/leadmagnet_health_20260503_082001.md
 create mode 100644 kimiclaw-toolkit/outputs/leadmagnet_music-production_20260503_082501.md
 create mode 100644 kimiclaw-toolkit/outputs/leadmagnet_saas_20260503_083501.md
 create mode 100644 kimiclaw-toolkit/outputs/social_ecommerce_20260503_084001.md
 create mode 100644 kimiclaw-toolkit/outputs/social_freelance_20260503_084501.md
 create mode 100644 kimiclaw-toolkit/outputs/social_health_20260503_082001.md
 create mode 100644 kimiclaw-toolkit/outputs/social_music-production_20260503_082501.md
 create mode 100644 kimiclaw-toolkit/outputs/social_saas_20260503_083501.md
 create mode 100644 kimiclaw-toolkit/publish-queue/blog_20260503_083301.md
 create mode 100644 kimiclaw-toolkit/publish-queue/email_20260503_083301.html
 create mode 100644 kimiclaw-toolkit/publish-queue/image_20260503_082001.jpg
 create mode 100644 kimiclaw-toolkit/publish-queue/image_20260503_082501.jpg
 create mode 100644 kimiclaw-toolkit/publish-queue/image_20260503_083501.jpg
 create mode 100644 kimiclaw-toolkit/publish-queue/image_20260503_084001.jpg
 create mode 100644 kimiclaw-toolkit/publish-queue/image_20260503_084501.jpg
 create mode 100644 kimiclaw-toolkit/publish-queue/instagram_20260503_083301.txt
 create mode 100644 kimiclaw-toolkit/publish-queue/reddit_20260503_083301.txt
 create mode 100644 kimiclaw-toolkit/publish-queue/twitter_20260503_083301.txt
 create mode 100644 kimiclaw/backups/state_backup_20260503_084159.json
 create mode 100644 kimiclaw/content/how-to-build-a-producer-brand-on-social-media-in-2026_20260503_082201.md
 create mode 100644 kimiclaw/data/article_20260503_084701.md
 create mode 100644 kimiclaw/data/research_20260503_084701.md
 create mode 100644 kimiclaw/logs/beatsheaven_20260503_082201.log
 create mode 100644 kimiclaw/logs/trends_20260503_083701.log
 create mode 100644 kimiclaw/logs/worker_20260503_084701.log
 create mode 100644 kimiclaw/reports/summary_20260503_084159.json
 create mode 100644 kimiclaw/research/keywords_20260503_082201.md
 create mode 100644 kimiclaw/social/social_20260503_082201.md
 create mode 100644 kimiclaw/trends/keywords_20260503_083701.md
 create mode 100644 kimiclaw/trends/opportunities_20260503_083701.md
 create mode 100644 kimiclaw/trends/reddit_20260503_083701.md
 create mode 100644 viraloop-output/carousels/carousel_20260503_082701_5093.txt
Push skipped or failed
✅ GitHub sync attempted

📊 PHASE 4: State Update
State updated — total iterations: 27

═══════════════════════════════════════════════════════════════
  WORKER COMPLETE — 2026-05-03T08:47:01Z
═══════════════════════════════════════════════════════════════
  Outputs:
    • Article:    article_20260503_084701.md
    • Research:   research_20260503_084701.md
    • Log:        worker_20260503_084701.log
═══════════════════════════════════════════════════════════════
