═══════════════════════════════════════════════════════════════
  KIMICLAW WORKER — 2026-05-02T22:17:01Z
═══════════════════════════════════════════════════════════════

📄 PHASE 1: Content Generation
✅ Generated article: /root/.openclaw/workspace/kimiclaw/data/article_20260502_221701.md

🔍 PHASE 2: Opportunity Research
✅ Saved research: /root/.openclaw/workspace/kimiclaw/data/research_20260502_221701.md

💻 PHASE 3: GitHub Activity
[master a379b6a] Kimiclaw auto-update: 20260502_221701
 20 files changed, 519 insertions(+), 19 deletions(-)
 create mode 100644 kimiclaw/content/how-to-build-a-producer-brand-on-social-media-in-2026_20260502_215201.md
 create mode 100644 kimiclaw/data/article_20260502_221701.md
 create mode 100644 kimiclaw/data/research_20260502_221701.md
 create mode 100644 kimiclaw/logs/beatsheaven_20260502_215201.log
 create mode 100644 kimiclaw/logs/trends_20260502_220701.log
 create mode 100644 kimiclaw/logs/worker_20260502_221701.log
 create mode 100644 kimiclaw/research/keywords_20260502_215201.md
 create mode 100644 kimiclaw/social/social_20260502_215201.md
 create mode 100644 kimiclaw/trends/keywords_20260502_220701.md
 create mode 100644 kimiclaw/trends/opportunities_20260502_220701.md
 create mode 100644 kimiclaw/trends/reddit_20260502_220701.md
 create mode 100644 viraloop-output/carousels/carousel_20260502_215701_7490.txt
Push skipped or failed
✅ GitHub sync attempted

📊 PHASE 4: State Update
State updated — total iterations: 6

═══════════════════════════════════════════════════════════════
  WORKER COMPLETE — 2026-05-02T22:17:02Z
═══════════════════════════════════════════════════════════════
  Outputs:
    • Article:    article_20260502_221701.md
    • Research:   research_20260502_221701.md
    • Log:        worker_20260502_221701.log
═══════════════════════════════════════════════════════════════
