═══════════════════════════════════════════════════════════════
  KIMICLAW WORKER — 2026-05-02T21:17:01Z
═══════════════════════════════════════════════════════════════

📄 PHASE 1: Content Generation
✅ Generated article: /root/.openclaw/workspace/kimiclaw/data/article_20260502_211701.md

🔍 PHASE 2: Opportunity Research
✅ Saved research: /root/.openclaw/workspace/kimiclaw/data/research_20260502_211701.md

💻 PHASE 3: GitHub Activity
[master a02cd7c] Kimiclaw auto-update: 20260502_211701
 11 files changed, 228 insertions(+), 135 deletions(-)
 create mode 100644 kimiclaw/data/article_20260502_211701.md
 create mode 100644 kimiclaw/data/research_20260502_211701.md
 create mode 100644 kimiclaw/logs/trends_20260502_210701.log
 create mode 100644 kimiclaw/logs/worker_20260502_211701.log
 create mode 100644 kimiclaw/trends/keywords_20260502_210701.md
 create mode 100644 kimiclaw/trends/opportunities_20260502_210701.md
 create mode 100644 kimiclaw/trends/reddit_20260502_210701.md
Push skipped or failed
✅ GitHub sync attempted

📊 PHASE 4: State Update
State updated — total iterations: 4

═══════════════════════════════════════════════════════════════
  WORKER COMPLETE — 2026-05-02T21:17:01Z
═══════════════════════════════════════════════════════════════
  Outputs:
    • Article:    article_20260502_211701.md
    • Research:   research_20260502_211701.md
    • Log:        worker_20260502_211701.log
═══════════════════════════════════════════════════════════════
