═══════════════════════════════════════════════════════════════
  KIMICLAW WORKER — 2026-05-03T02:47:01Z
═══════════════════════════════════════════════════════════════

📄 PHASE 1: Content Generation
✅ Generated article: /root/.openclaw/workspace/kimiclaw/data/article_20260503_024701.md

🔍 PHASE 2: Opportunity Research
✅ Saved research: /root/.openclaw/workspace/kimiclaw/data/research_20260503_024701.md

💻 PHASE 3: GitHub Activity
[master 8fd26b1] Kimiclaw auto-update: 20260503_024701
 62 files changed, 2236 insertions(+), 14 deletions(-)
 create mode 100644 kimiclaw-toolkit/outputs/analytics_ecommerce_20260503_024001.md
 create mode 100644 kimiclaw-toolkit/outputs/analytics_freelance_20260503_024501.md
 create mode 100644 kimiclaw-toolkit/outputs/analytics_health_20260503_022001.md
 create mode 100644 kimiclaw-toolkit/outputs/analytics_music-production_20260503_022501.md
 create mode 100644 kimiclaw-toolkit/outputs/analytics_saas_20260503_023501.md
 create mode 100644 kimiclaw-toolkit/outputs/article_ecommerce_20260503_024001.md
 create mode 100644 kimiclaw-toolkit/outputs/article_freelance_20260503_024501.md
 create mode 100644 kimiclaw-toolkit/outputs/article_health_20260503_022001.md
 create mode 100644 kimiclaw-toolkit/outputs/article_music-production_20260503_022501.md
 create mode 100644 kimiclaw-toolkit/outputs/article_saas_20260503_023501.md
 create mode 100644 kimiclaw-toolkit/outputs/emails_ecommerce_20260503_024001.md
 create mode 100644 kimiclaw-toolkit/outputs/emails_freelance_20260503_024501.md
 create mode 100644 kimiclaw-toolkit/outputs/emails_health_20260503_022001.md
 create mode 100644 kimiclaw-toolkit/outputs/emails_music-production_20260503_022501.md
 create mode 100644 kimiclaw-toolkit/outputs/emails_saas_20260503_023501.md
 create mode 100644 kimiclaw-toolkit/outputs/leadmagnet_ecommerce_20260503_024001.md
 create mode 100644 kimiclaw-toolkit/outputs/leadmagnet_freelance_20260503_024501.md
 create mode 100644 kimiclaw-toolkit/outputs/leadmagnet_health_20260503_022001.md
 create mode 100644 kimiclaw-toolkit/outputs/leadmagnet_music-production_20260503_022501.md
 create mode 100644 kimiclaw-toolkit/outputs/leadmagnet_saas_20260503_023501.md
 create mode 100644 kimiclaw-toolkit/outputs/social_ecommerce_20260503_024001.md
 create mode 100644 kimiclaw-toolkit/outputs/social_freelance_20260503_024501.md
 create mode 100644 kimiclaw-toolkit/outputs/social_health_20260503_022001.md
 create mode 100644 kimiclaw-toolkit/outputs/social_music-production_20260503_022501.md
 create mode 100644 kimiclaw-toolkit/outputs/social_saas_20260503_023501.md
 create mode 100644 kimiclaw-toolkit/publish-queue/blog_20260503_023301.md
 create mode 100644 kimiclaw-toolkit/publish-queue/email_20260503_023301.html
 create mode 100644 kimiclaw-toolkit/publish-queue/image_20260503_022001.jpg
 create mode 100644 kimiclaw-toolkit/publish-queue/image_20260503_022501.jpg
 create mode 100644 kimiclaw-toolkit/publish-queue/image_20260503_023501.jpg
 create mode 100644 kimiclaw-toolkit/publish-queue/image_20260503_024001.jpg
 create mode 100644 kimiclaw-toolkit/publish-queue/image_20260503_024501.jpg
 create mode 100644 kimiclaw-toolkit/publish-queue/instagram_20260503_023301.txt
 create mode 100644 kimiclaw-toolkit/publish-queue/reddit_20260503_023301.txt
 create mode 100644 kimiclaw-toolkit/publish-queue/twitter_20260503_023301.txt
 create mode 100644 kimiclaw/content/how-producers-can-use-tiktok-to-drive-beat-sales_20260503_022201.md
 create mode 100644 kimiclaw/data/article_20260503_024701.md
 create mode 100644 kimiclaw/data/research_20260503_024701.md
 create mode 100644 kimiclaw/logs/beatsheaven_20260503_022201.log
 create mode 100644 kimiclaw/logs/trends_20260503_023701.log
 create mode 100644 kimiclaw/logs/worker_20260503_024701.log
 create mode 100644 kimiclaw/research/keywords_20260503_022201.md
 create mode 100644 kimiclaw/social/social_20260503_022201.md
 create mode 100644 kimiclaw/trends/keywords_20260503_023701.md
 create mode 100644 kimiclaw/trends/opportunities_20260503_023701.md
 create mode 100644 kimiclaw/trends/reddit_20260503_023701.md
 create mode 100644 viraloop-output/carousels/carousel_20260503_022701_2206.txt
Push skipped or failed
✅ GitHub sync attempted

📊 PHASE 4: State Update
State updated — total iterations: 15

═══════════════════════════════════════════════════════════════
  WORKER COMPLETE — 2026-05-03T02:47:01Z
═══════════════════════════════════════════════════════════════
  Outputs:
    • Article:    article_20260503_024701.md
    • Research:   research_20260503_024701.md
    • Log:        worker_20260503_024701.log
═══════════════════════════════════════════════════════════════
