═══════════════════════════════════════════════════════════════
  KIMICLAW WORKER — 2026-05-02T20:47:01Z
═══════════════════════════════════════════════════════════════

📄 PHASE 1: Content Generation
✅ Generated article: /root/.openclaw/workspace/kimiclaw/data/article_20260502_204701.md

🔍 PHASE 2: Opportunity Research
✅ Saved research: /root/.openclaw/workspace/kimiclaw/data/research_20260502_204701.md

💻 PHASE 3: GitHub Activity
No changes to commit
Push skipped or failed
✅ GitHub sync attempted

📊 PHASE 4: State Update
State updated — total iterations: 3

═══════════════════════════════════════════════════════════════
  WORKER COMPLETE — 2026-05-02T20:47:01Z
═══════════════════════════════════════════════════════════════
  Outputs:
    • Article:    article_20260502_204701.md
    • Research:   research_20260502_204701.md
    • Log:        worker_20260502_204701.log
═══════════════════════════════════════════════════════════════
