═══════════════════════════════════════════════════════════════
  KIMICLAW WORKER — 2026-05-02T21:47:01Z
═══════════════════════════════════════════════════════════════

📄 PHASE 1: Content Generation
✅ Generated article: /root/.openclaw/workspace/kimiclaw/data/article_20260502_214701.md

🔍 PHASE 2: Opportunity Research
✅ Saved research: /root/.openclaw/workspace/kimiclaw/data/research_20260502_214701.md

💻 PHASE 3: GitHub Activity
[master 801f05c] Kimiclaw auto-update: 20260502_214701
 20 files changed, 513 insertions(+), 17 deletions(-)
 create mode 100644 kimiclaw/content/mobile-first-beat-marketplaces-why-beatsheaven-leads-the-way_20260502_212201.md
 create mode 100644 kimiclaw/data/article_20260502_214701.md
 create mode 100644 kimiclaw/data/research_20260502_214701.md
 create mode 100644 kimiclaw/logs/beatsheaven_20260502_212201.log
 create mode 100644 kimiclaw/logs/trends_20260502_213701.log
 create mode 100644 kimiclaw/logs/worker_20260502_214701.log
 create mode 100644 kimiclaw/research/keywords_20260502_212201.md
 create mode 100644 kimiclaw/social/social_20260502_212201.md
 create mode 100644 kimiclaw/trends/keywords_20260502_213701.md
 create mode 100644 kimiclaw/trends/opportunities_20260502_213701.md
 create mode 100644 kimiclaw/trends/reddit_20260502_213701.md
 create mode 100644 viraloop-output/carousels/carousel_20260502_212701_6326.txt
Push skipped or failed
✅ GitHub sync attempted

📊 PHASE 4: State Update
State updated — total iterations: 5

═══════════════════════════════════════════════════════════════
  WORKER COMPLETE — 2026-05-02T21:47:02Z
═══════════════════════════════════════════════════════════════
  Outputs:
    • Article:    article_20260502_214701.md
    • Research:   research_20260502_214701.md
    • Log:        worker_20260502_214701.log
═══════════════════════════════════════════════════════════════
