═══════════════════════════════════════════════════════════════
  KIMICLAW WORKER — 2026-05-02T22:47:01Z
═══════════════════════════════════════════════════════════════

📄 PHASE 1: Content Generation
✅ Generated article: /root/.openclaw/workspace/kimiclaw/data/article_20260502_224701.md

🔍 PHASE 2: Opportunity Research
✅ Saved research: /root/.openclaw/workspace/kimiclaw/data/research_20260502_224701.md

💻 PHASE 3: GitHub Activity
[master 8348bf6] Kimiclaw auto-update: 20260502_224701
 20 files changed, 513 insertions(+), 13 deletions(-)
 create mode 100644 kimiclaw/content/the-rise-of-afrobeats-and-amapiano-production-tips-for-producers_20260502_222201.md
 create mode 100644 kimiclaw/data/article_20260502_224701.md
 create mode 100644 kimiclaw/data/research_20260502_224701.md
 create mode 100644 kimiclaw/logs/beatsheaven_20260502_222201.log
 create mode 100644 kimiclaw/logs/trends_20260502_223701.log
 create mode 100644 kimiclaw/logs/worker_20260502_224701.log
 create mode 100644 kimiclaw/research/keywords_20260502_222201.md
 create mode 100644 kimiclaw/social/social_20260502_222201.md
 create mode 100644 kimiclaw/trends/keywords_20260502_223701.md
 create mode 100644 kimiclaw/trends/opportunities_20260502_223701.md
 create mode 100644 kimiclaw/trends/reddit_20260502_223701.md
 create mode 100644 viraloop-output/carousels/carousel_20260502_222701_9715.txt
Push skipped or failed
✅ GitHub sync attempted

📊 PHASE 4: State Update
State updated — total iterations: 7

═══════════════════════════════════════════════════════════════
  WORKER COMPLETE — 2026-05-02T22:47:01Z
═══════════════════════════════════════════════════════════════
  Outputs:
    • Article:    article_20260502_224701.md
    • Research:   research_20260502_224701.md
    • Log:        worker_20260502_224701.log
═══════════════════════════════════════════════════════════════
