═══════════════════════════════════════════════════════════════
  KIMICLAW WORKER — 2026-05-03T01:47:01Z
═══════════════════════════════════════════════════════════════

📄 PHASE 1: Content Generation
/root/.openclaw/workspace/kimiclaw/scripts/kimiclaw-worker.sh: line 47: (123 + 09: value too great for base (error token is "09")
✅ Generated article: /root/.openclaw/workspace/kimiclaw/data/article_20260503_014701.md

🔍 PHASE 2: Opportunity Research
✅ Saved research: /root/.openclaw/workspace/kimiclaw/data/research_20260503_014701.md

💻 PHASE 3: GitHub Activity
[master 3d1473b] Kimiclaw auto-update: 20260503_014701
 62 files changed, 2196 insertions(+), 13 deletions(-)
 create mode 100644 kimiclaw-toolkit/outputs/analytics_ecommerce_20260503_014001.md
 create mode 100644 kimiclaw-toolkit/outputs/analytics_freelance_20260503_014501.md
 create mode 100644 kimiclaw-toolkit/outputs/analytics_health_20260503_012001.md
 create mode 100644 kimiclaw-toolkit/outputs/analytics_music-production_20260503_012501.md
 create mode 100644 kimiclaw-toolkit/outputs/analytics_saas_20260503_013501.md
 create mode 100644 kimiclaw-toolkit/outputs/article_ecommerce_20260503_014001.md
 create mode 100644 kimiclaw-toolkit/outputs/article_freelance_20260503_014501.md
 create mode 100644 kimiclaw-toolkit/outputs/article_health_20260503_012001.md
 create mode 100644 kimiclaw-toolkit/outputs/article_music-production_20260503_012501.md
 create mode 100644 kimiclaw-toolkit/outputs/article_saas_20260503_013501.md
 create mode 100644 kimiclaw-toolkit/outputs/emails_ecommerce_20260503_014001.md
 create mode 100644 kimiclaw-toolkit/outputs/emails_freelance_20260503_014501.md
 create mode 100644 kimiclaw-toolkit/outputs/emails_health_20260503_012001.md
 create mode 100644 kimiclaw-toolkit/outputs/emails_music-production_20260503_012501.md
 create mode 100644 kimiclaw-toolkit/outputs/emails_saas_20260503_013501.md
 create mode 100644 kimiclaw-toolkit/outputs/leadmagnet_ecommerce_20260503_014001.md
 create mode 100644 kimiclaw-toolkit/outputs/leadmagnet_freelance_20260503_014501.md
 create mode 100644 kimiclaw-toolkit/outputs/leadmagnet_health_20260503_012001.md
 create mode 100644 kimiclaw-toolkit/outputs/leadmagnet_music-production_20260503_012501.md
 create mode 100644 kimiclaw-toolkit/outputs/leadmagnet_saas_20260503_013501.md
 create mode 100644 kimiclaw-toolkit/outputs/social_ecommerce_20260503_014001.md
 create mode 100644 kimiclaw-toolkit/outputs/social_freelance_20260503_014501.md
 create mode 100644 kimiclaw-toolkit/outputs/social_health_20260503_012001.md
 create mode 100644 kimiclaw-toolkit/outputs/social_music-production_20260503_012501.md
 create mode 100644 kimiclaw-toolkit/outputs/social_saas_20260503_013501.md
 create mode 100644 kimiclaw-toolkit/publish-queue/blog_20260503_013301.md
 create mode 100644 kimiclaw-toolkit/publish-queue/email_20260503_013301.html
 create mode 100644 kimiclaw-toolkit/publish-queue/image_20260503_012001.jpg
 create mode 100644 kimiclaw-toolkit/publish-queue/image_20260503_012501.jpg
 create mode 100644 kimiclaw-toolkit/publish-queue/image_20260503_013501.jpg
 create mode 100644 kimiclaw-toolkit/publish-queue/image_20260503_014001.jpg
 create mode 100644 kimiclaw-toolkit/publish-queue/image_20260503_014501.jpg
 create mode 100644 kimiclaw-toolkit/publish-queue/instagram_20260503_013301.txt
 create mode 100644 kimiclaw-toolkit/publish-queue/reddit_20260503_013301.txt
 create mode 100644 kimiclaw-toolkit/publish-queue/twitter_20260503_013301.txt
 create mode 100644 kimiclaw/content/the-business-of-type-beats-seo-tags-and-discovery_20260503_012201.md
 create mode 100644 kimiclaw/data/article_20260503_014701.md
 create mode 100644 kimiclaw/data/research_20260503_014701.md
 create mode 100644 kimiclaw/logs/beatsheaven_20260503_012201.log
 create mode 100644 kimiclaw/logs/trends_20260503_013701.log
 create mode 100644 kimiclaw/logs/worker_20260503_014701.log
 create mode 100644 kimiclaw/research/keywords_20260503_012201.md
 create mode 100644 kimiclaw/social/social_20260503_012201.md
 create mode 100644 kimiclaw/trends/keywords_20260503_013701.md
 create mode 100644 kimiclaw/trends/opportunities_20260503_013701.md
 create mode 100644 kimiclaw/trends/reddit_20260503_013701.md
 create mode 100644 viraloop-output/carousels/carousel_20260503_012701_8457.txt
Push skipped or failed
✅ GitHub sync attempted

📊 PHASE 4: State Update
State updated — total iterations: 13

═══════════════════════════════════════════════════════════════
  WORKER COMPLETE — 2026-05-03T01:47:02Z
═══════════════════════════════════════════════════════════════
  Outputs:
    • Article:    article_20260503_014701.md
    • Research:   research_20260503_014701.md
    • Log:        worker_20260503_014701.log
═══════════════════════════════════════════════════════════════
