═══════════════════════════════════════════════════════════════
  KIMICLAW WORKER — 2026-05-03T01:17:01Z
═══════════════════════════════════════════════════════════════

📄 PHASE 1: Content Generation
/root/.openclaw/workspace/kimiclaw/scripts/kimiclaw-worker.sh: line 47: (123 + 09: value too great for base (error token is "09")
✅ Generated article: /root/.openclaw/workspace/kimiclaw/data/article_20260503_011701.md

🔍 PHASE 2: Opportunity Research
✅ Saved research: /root/.openclaw/workspace/kimiclaw/data/research_20260503_011701.md

💻 PHASE 3: GitHub Activity
[master 84f6378] Kimiclaw auto-update: 20260503_011701
 22 files changed, 708 insertions(+), 40 deletions(-)
 create mode 100644 kimiclaw-toolkit/outputs/analytics_ecommerce_20260503_011001.md
 create mode 100644 kimiclaw-toolkit/outputs/analytics_freelance_20260503_011501.md
 create mode 100644 kimiclaw-toolkit/outputs/article_ecommerce_20260503_011001.md
 create mode 100644 kimiclaw-toolkit/outputs/article_freelance_20260503_011501.md
 create mode 100644 kimiclaw-toolkit/outputs/emails_ecommerce_20260503_011001.md
 create mode 100644 kimiclaw-toolkit/outputs/emails_freelance_20260503_011501.md
 create mode 100644 kimiclaw-toolkit/outputs/leadmagnet_ecommerce_20260503_011001.md
 create mode 100644 kimiclaw-toolkit/outputs/leadmagnet_freelance_20260503_011501.md
 create mode 100644 kimiclaw-toolkit/outputs/social_ecommerce_20260503_011001.md
 create mode 100644 kimiclaw-toolkit/outputs/social_freelance_20260503_011501.md
 create mode 100644 kimiclaw-toolkit/publish-queue/image_20260503_011001.jpg
 create mode 100644 kimiclaw-toolkit/publish-queue/image_20260503_011501.jpg
 create mode 100644 kimiclaw/data/article_20260503_011701.md
 create mode 100644 kimiclaw/data/research_20260503_011701.md
 create mode 100644 kimiclaw/logs/worker_20260503_011701.log
Push skipped or failed
✅ GitHub sync attempted

📊 PHASE 4: State Update
State updated — total iterations: 12

═══════════════════════════════════════════════════════════════
  WORKER COMPLETE — 2026-05-03T01:17:01Z
═══════════════════════════════════════════════════════════════
  Outputs:
    • Article:    article_20260503_011701.md
    • Research:   research_20260503_011701.md
    • Log:        worker_20260503_011701.log
═══════════════════════════════════════════════════════════════
