═══════════════════════════════════════════════════════════════
  KIMICLAW WORKER — 2026-05-03T06:47:01Z
═══════════════════════════════════════════════════════════════

📄 PHASE 1: Content Generation
✅ Generated article: /root/.openclaw/workspace/kimiclaw/data/article_20260503_064701.md

🔍 PHASE 2: Opportunity Research
✅ Saved research: /root/.openclaw/workspace/kimiclaw/data/research_20260503_064701.md

💻 PHASE 3: GitHub Activity
[master beb3c0f] Kimiclaw auto-update: 20260503_064701
 59 files changed, 2153 insertions(+), 9 deletions(-)
 create mode 100644 downloads/19dec857-b882-824b-8000-0000015526e2_315C8BA3-C113-4E27-ADD3-94CEC1A15610.jpg
 create mode 100644 kimiclaw-toolkit/outputs/analytics_ecommerce_20260503_064001.md
 create mode 100644 kimiclaw-toolkit/outputs/analytics_freelance_20260503_064501.md
 create mode 100644 kimiclaw-toolkit/outputs/analytics_health_20260503_062001.md
 create mode 100644 kimiclaw-toolkit/outputs/analytics_music-production_20260503_062501.md
 create mode 100644 kimiclaw-toolkit/outputs/analytics_saas_20260503_063501.md
 create mode 100644 kimiclaw-toolkit/outputs/article_ecommerce_20260503_064001.md
 create mode 100644 kimiclaw-toolkit/outputs/article_freelance_20260503_064501.md
 create mode 100644 kimiclaw-toolkit/outputs/article_health_20260503_062001.md
 create mode 100644 kimiclaw-toolkit/outputs/article_music-production_20260503_062501.md
 create mode 100644 kimiclaw-toolkit/outputs/article_saas_20260503_063501.md
 create mode 100644 kimiclaw-toolkit/outputs/emails_ecommerce_20260503_064001.md
 create mode 100644 kimiclaw-toolkit/outputs/emails_freelance_20260503_064501.md
 create mode 100644 kimiclaw-toolkit/outputs/emails_health_20260503_062001.md
 create mode 100644 kimiclaw-toolkit/outputs/emails_music-production_20260503_062501.md
 create mode 100644 kimiclaw-toolkit/outputs/emails_saas_20260503_063501.md
 create mode 100644 kimiclaw-toolkit/outputs/leadmagnet_ecommerce_20260503_064001.md
 create mode 100644 kimiclaw-toolkit/outputs/leadmagnet_freelance_20260503_064501.md
 create mode 100644 kimiclaw-toolkit/outputs/leadmagnet_health_20260503_062001.md
 create mode 100644 kimiclaw-toolkit/outputs/leadmagnet_music-production_20260503_062501.md
 create mode 100644 kimiclaw-toolkit/outputs/leadmagnet_saas_20260503_063501.md
 create mode 100644 kimiclaw-toolkit/outputs/social_ecommerce_20260503_064001.md
 create mode 100644 kimiclaw-toolkit/outputs/social_freelance_20260503_064501.md
 create mode 100644 kimiclaw-toolkit/outputs/social_health_20260503_062001.md
 create mode 100644 kimiclaw-toolkit/outputs/social_music-production_20260503_062501.md
 create mode 100644 kimiclaw-toolkit/outputs/social_saas_20260503_063501.md
 create mode 100644 kimiclaw-toolkit/publish-queue/blog_20260503_063301.md
 create mode 100644 kimiclaw-toolkit/publish-queue/email_20260503_063301.html
 create mode 100644 kimiclaw-toolkit/publish-queue/image_20260503_062001.jpg
 create mode 100644 kimiclaw-toolkit/publish-queue/image_20260503_062501.jpg
 create mode 100644 kimiclaw-toolkit/publish-queue/image_20260503_063501.jpg
 create mode 100644 kimiclaw-toolkit/publish-queue/image_20260503_064001.jpg
 create mode 100644 kimiclaw-toolkit/publish-queue/image_20260503_064501.jpg
 create mode 100644 kimiclaw-toolkit/publish-queue/instagram_20260503_063301.txt
 create mode 100644 kimiclaw-toolkit/publish-queue/reddit_20260503_063301.txt
 create mode 100644 kimiclaw-toolkit/publish-queue/twitter_20260503_063301.txt
 create mode 100644 kimiclaw/content/how-to-price-your-beats-a-data-driven-guide-for-music-producers_20260503_062201.md
 create mode 100644 kimiclaw/data/article_20260503_064701.md
 create mode 100644 kimiclaw/data/research_20260503_064701.md
 create mode 100644 kimiclaw/logs/beatsheaven_20260503_062201.log
 create mode 100644 kimiclaw/logs/trends_20260503_063701.log
 create mode 100644 kimiclaw/logs/worker_20260503_064701.log
 create mode 100644 kimiclaw/research/keywords_20260503_062201.md
 create mode 100644 kimiclaw/social/social_20260503_062201.md
 create mode 100644 kimiclaw/trends/keywords_20260503_063701.md
 create mode 100644 kimiclaw/trends/opportunities_20260503_063701.md
 create mode 100644 kimiclaw/trends/reddit_20260503_063701.md
 create mode 100644 viraloop-output/carousels/carousel_20260503_062701_4454.txt
Push skipped or failed
✅ GitHub sync attempted

📊 PHASE 4: State Update
State updated — total iterations: 23

═══════════════════════════════════════════════════════════════
  WORKER COMPLETE — 2026-05-03T06:47:02Z
═══════════════════════════════════════════════════════════════
  Outputs:
    • Article:    article_20260503_064701.md
    • Research:   research_20260503_064701.md
    • Log:        worker_20260503_064701.log
═══════════════════════════════════════════════════════════════
