═══════════════════════════════════════════════════════════════
  KIMICLAW WORKER — 2026-05-03T05:47:01Z
═══════════════════════════════════════════════════════════════

📄 PHASE 1: Content Generation
✅ Generated article: /root/.openclaw/workspace/kimiclaw/data/article_20260503_054701.md

🔍 PHASE 2: Opportunity Research
✅ Saved research: /root/.openclaw/workspace/kimiclaw/data/research_20260503_054701.md

💻 PHASE 3: GitHub Activity
[master 58e9c6c] Kimiclaw auto-update: 20260503_054701
 62 files changed, 2223 insertions(+), 13 deletions(-)
 create mode 100644 kimiclaw-toolkit/outputs/analytics_ecommerce_20260503_054001.md
 create mode 100644 kimiclaw-toolkit/outputs/analytics_freelance_20260503_054501.md
 create mode 100644 kimiclaw-toolkit/outputs/analytics_health_20260503_052002.md
 create mode 100644 kimiclaw-toolkit/outputs/analytics_music-production_20260503_052501.md
 create mode 100644 kimiclaw-toolkit/outputs/analytics_saas_20260503_053501.md
 create mode 100644 kimiclaw-toolkit/outputs/article_ecommerce_20260503_054001.md
 create mode 100644 kimiclaw-toolkit/outputs/article_freelance_20260503_054501.md
 create mode 100644 kimiclaw-toolkit/outputs/article_health_20260503_052002.md
 create mode 100644 kimiclaw-toolkit/outputs/article_music-production_20260503_052501.md
 create mode 100644 kimiclaw-toolkit/outputs/article_saas_20260503_053501.md
 create mode 100644 kimiclaw-toolkit/outputs/emails_ecommerce_20260503_054001.md
 create mode 100644 kimiclaw-toolkit/outputs/emails_freelance_20260503_054501.md
 create mode 100644 kimiclaw-toolkit/outputs/emails_health_20260503_052002.md
 create mode 100644 kimiclaw-toolkit/outputs/emails_music-production_20260503_052501.md
 create mode 100644 kimiclaw-toolkit/outputs/emails_saas_20260503_053501.md
 create mode 100644 kimiclaw-toolkit/outputs/leadmagnet_ecommerce_20260503_054001.md
 create mode 100644 kimiclaw-toolkit/outputs/leadmagnet_freelance_20260503_054501.md
 create mode 100644 kimiclaw-toolkit/outputs/leadmagnet_health_20260503_052002.md
 create mode 100644 kimiclaw-toolkit/outputs/leadmagnet_music-production_20260503_052501.md
 create mode 100644 kimiclaw-toolkit/outputs/leadmagnet_saas_20260503_053501.md
 create mode 100644 kimiclaw-toolkit/outputs/social_ecommerce_20260503_054001.md
 create mode 100644 kimiclaw-toolkit/outputs/social_freelance_20260503_054501.md
 create mode 100644 kimiclaw-toolkit/outputs/social_health_20260503_052002.md
 create mode 100644 kimiclaw-toolkit/outputs/social_music-production_20260503_052501.md
 create mode 100644 kimiclaw-toolkit/outputs/social_saas_20260503_053501.md
 create mode 100644 kimiclaw-toolkit/publish-queue/blog_20260503_053301.md
 create mode 100644 kimiclaw-toolkit/publish-queue/email_20260503_053301.html
 create mode 100644 kimiclaw-toolkit/publish-queue/image_20260503_052002.jpg
 create mode 100644 kimiclaw-toolkit/publish-queue/image_20260503_052501.jpg
 create mode 100644 kimiclaw-toolkit/publish-queue/image_20260503_053501.jpg
 create mode 100644 kimiclaw-toolkit/publish-queue/image_20260503_054001.jpg
 create mode 100644 kimiclaw-toolkit/publish-queue/image_20260503_054501.jpg
 create mode 100644 kimiclaw-toolkit/publish-queue/instagram_20260503_053301.txt
 create mode 100644 kimiclaw-toolkit/publish-queue/reddit_20260503_053301.txt
 create mode 100644 kimiclaw-toolkit/publish-queue/twitter_20260503_053301.txt
 create mode 100644 kimiclaw/content/beatsheaven-vs-beatstars-which-platform-is-better-for-producers_20260503_052201.md
 create mode 100644 kimiclaw/data/article_20260503_054701.md
 create mode 100644 kimiclaw/data/research_20260503_054701.md
 create mode 100644 kimiclaw/logs/beatsheaven_20260503_052201.log
 create mode 100644 kimiclaw/logs/trends_20260503_053701.log
 create mode 100644 kimiclaw/logs/worker_20260503_054701.log
 create mode 100644 kimiclaw/research/keywords_20260503_052201.md
 create mode 100644 kimiclaw/social/social_20260503_052201.md
 create mode 100644 kimiclaw/trends/keywords_20260503_053701.md
 create mode 100644 kimiclaw/trends/opportunities_20260503_053701.md
 create mode 100644 kimiclaw/trends/reddit_20260503_053701.md
 create mode 100644 viraloop-output/carousels/carousel_20260503_052701_5726.txt
Push skipped or failed
✅ GitHub sync attempted

📊 PHASE 4: State Update
State updated — total iterations: 21

═══════════════════════════════════════════════════════════════
  WORKER COMPLETE — 2026-05-03T05:47:01Z
═══════════════════════════════════════════════════════════════
  Outputs:
    • Article:    article_20260503_054701.md
    • Research:   research_20260503_054701.md
    • Log:        worker_20260503_054701.log
═══════════════════════════════════════════════════════════════
