═══════════════════════════════════════════════════════════════
  KIMICLAW WORKER — 2026-05-03T00:47:01Z
═══════════════════════════════════════════════════════════════

📄 PHASE 1: Content Generation
/root/.openclaw/workspace/kimiclaw/scripts/kimiclaw-worker.sh: line 47: (123 + 08: value too great for base (error token is "08")
✅ Generated article: /root/.openclaw/workspace/kimiclaw/data/article_20260503_004701.md

🔍 PHASE 2: Opportunity Research
✅ Saved research: /root/.openclaw/workspace/kimiclaw/data/research_20260503_004701.md

💻 PHASE 3: GitHub Activity
[master 886601c] Kimiclaw auto-update: 20260503_004701
 4 files changed, 129 insertions(+)
 create mode 100644 kimiclaw/data/article_20260503_004701.md
 create mode 100644 kimiclaw/data/research_20260503_004701.md
 create mode 100644 kimiclaw/logs/worker_20260503_004701.log
Push skipped or failed
✅ GitHub sync attempted

📊 PHASE 4: State Update
State updated — total iterations: 11

═══════════════════════════════════════════════════════════════
  WORKER COMPLETE — 2026-05-03T00:47:01Z
═══════════════════════════════════════════════════════════════
  Outputs:
    • Article:    article_20260503_004701.md
    • Research:   research_20260503_004701.md
    • Log:        worker_20260503_004701.log
═══════════════════════════════════════════════════════════════
