═══════════════════════════════════════════════════════════════
  KIMICLAW WORKER — 2026-05-03T08:17:01Z
═══════════════════════════════════════════════════════════════

📄 PHASE 1: Content Generation
✅ Generated article: /root/.openclaw/workspace/kimiclaw/data/article_20260503_081701.md

🔍 PHASE 2: Opportunity Research
✅ Saved research: /root/.openclaw/workspace/kimiclaw/data/research_20260503_081701.md

💻 PHASE 3: GitHub Activity
[master 13a1041] Kimiclaw auto-update: 20260503_081701
 58 files changed, 2032 insertions(+), 13 deletions(-)
 create mode 100644 kimiclaw-toolkit/outputs/analytics_ecommerce_20260503_081001.md
 create mode 100644 kimiclaw-toolkit/outputs/analytics_freelance_20260503_081501.md
 create mode 100644 kimiclaw-toolkit/outputs/analytics_health_20260503_075001.md
 create mode 100644 kimiclaw-toolkit/outputs/analytics_music-production_20260503_075501.md
 create mode 100644 kimiclaw-toolkit/outputs/analytics_saas_20260503_080501.md
 create mode 100644 kimiclaw-toolkit/outputs/article_ecommerce_20260503_081001.md
 create mode 100644 kimiclaw-toolkit/outputs/article_freelance_20260503_081501.md
 create mode 100644 kimiclaw-toolkit/outputs/article_health_20260503_075001.md
 create mode 100644 kimiclaw-toolkit/outputs/article_music-production_20260503_075501.md
 create mode 100644 kimiclaw-toolkit/outputs/article_saas_20260503_080501.md
 create mode 100644 kimiclaw-toolkit/outputs/emails_ecommerce_20260503_081001.md
 create mode 100644 kimiclaw-toolkit/outputs/emails_freelance_20260503_081501.md
 create mode 100644 kimiclaw-toolkit/outputs/emails_health_20260503_075001.md
 create mode 100644 kimiclaw-toolkit/outputs/emails_music-production_20260503_075501.md
 create mode 100644 kimiclaw-toolkit/outputs/emails_saas_20260503_080501.md
 create mode 100644 kimiclaw-toolkit/outputs/leadmagnet_ecommerce_20260503_081001.md
 create mode 100644 kimiclaw-toolkit/outputs/leadmagnet_freelance_20260503_081501.md
 create mode 100644 kimiclaw-toolkit/outputs/leadmagnet_health_20260503_075001.md
 create mode 100644 kimiclaw-toolkit/outputs/leadmagnet_music-production_20260503_075501.md
 create mode 100644 kimiclaw-toolkit/outputs/leadmagnet_saas_20260503_080501.md
 create mode 100644 kimiclaw-toolkit/outputs/social_ecommerce_20260503_081001.md
 create mode 100644 kimiclaw-toolkit/outputs/social_freelance_20260503_081501.md
 create mode 100644 kimiclaw-toolkit/outputs/social_health_20260503_075001.md
 create mode 100644 kimiclaw-toolkit/outputs/social_music-production_20260503_075501.md
 create mode 100644 kimiclaw-toolkit/outputs/social_saas_20260503_080501.md
 create mode 100644 kimiclaw-toolkit/publish-queue/image_20260503_075001.jpg
 create mode 100644 kimiclaw-toolkit/publish-queue/image_20260503_075501.jpg
 create mode 100644 kimiclaw-toolkit/publish-queue/image_20260503_080501.jpg
 create mode 100644 kimiclaw-toolkit/publish-queue/image_20260503_081001.jpg
 create mode 100644 kimiclaw-toolkit/publish-queue/image_20260503_081501.jpg
 create mode 100644 kimiclaw/content/mobile-first-beat-marketplaces-why-beatsheaven-leads-the-way_20260503_075201.md
 create mode 100644 kimiclaw/data/article_20260503_081701.md
 create mode 100644 kimiclaw/data/research_20260503_081701.md
 create mode 100644 kimiclaw/logs/beatsheaven_20260503_075201.log
 create mode 100644 kimiclaw/logs/trends_20260503_080701.log
 create mode 100644 kimiclaw/logs/worker_20260503_081701.log
 create mode 100644 kimiclaw/research/keywords_20260503_075201.md
 create mode 100644 kimiclaw/social/social_20260503_075201.md
 create mode 100644 kimiclaw/trends/keywords_20260503_080701.md
 create mode 100644 kimiclaw/trends/opportunities_20260503_080701.md
 create mode 100644 kimiclaw/trends/reddit_20260503_080701.md
 create mode 100644 logs/cron-health_20260503_080001.log
 create mode 100644 viraloop-output/carousels/carousel_20260503_075701_2889.txt
Push skipped or failed
✅ GitHub sync attempted

📊 PHASE 4: State Update
State updated — total iterations: 26

═══════════════════════════════════════════════════════════════
  WORKER COMPLETE — 2026-05-03T08:17:02Z
═══════════════════════════════════════════════════════════════
  Outputs:
    • Article:    article_20260503_081701.md
    • Research:   research_20260503_081701.md
    • Log:        worker_20260503_081701.log
═══════════════════════════════════════════════════════════════
