[2026-05-03T00:11:21Z] Toolkit 20260503_001121 | Niche: saas | Topic: SaaS Pricing Strategies That Reduce Churn | 5 modules
[2026-05-03T00:11:27Z] Toolkit 20260503_001127 | Niche: ecommerce | Topic: E-commerce SEO: Rank Your Products on Google | 5 modules
[2026-05-03T00:11:27Z] Toolkit 20260503_001127 | Niche: freelance | Topic: How to Price Your Freelance Services | 5 modules
[2026-05-03T00:11:27Z] Toolkit 20260503_001127 | Niche: health | Topic: How to Build an Online Fitness Business | 5 modules
[2026-05-03T00:11:27Z] Toolkit 20260503_001127 | Niche: music-production | Topic: How to Price Your Digital Products for Maximum Profit | 5 modules
[2026-05-03T00:15:01Z] Toolkit 20260503_001501 | Niche: freelance | Topic: The Freelancer's Guide to Finding High-Paying Clients | 5 modules
[2026-05-03T00:20:01Z] Toolkit 20260503_002001 | Niche: health | Topic: Email Marketing for Health Coaches | 5 modules
[2026-05-03T00:25:01Z] Toolkit 20260503_002501 | Niche: music-production | Topic: 10 Platforms to Sell Digital Products Online | 5 modules
[2026-05-03T00:24:24Z] Image generated | Size: 59949 bytes | Prompt: modern dark themed social media carousel for marke...
[2026-05-03T00:28:11Z] Dashboard | Content: 41 | Revenue: $ | Commits: 19
[2026-05-03T00:35:01Z] Toolkit 20260503_003501 | Niche: saas | Topic: How to Onboard Users Without Losing Them | 5 modules
[2026-05-03T00:40:01Z] Toolkit 20260503_004001 | Niche: ecommerce | Topic: Email Marketing for Online Stores | 5 modules
[2026-05-03T00:45:01Z] Toolkit 20260503_004501 | Niche: freelance | Topic: How to Build a Personal Brand as a Freelancer | 5 modules
[2026-05-03T00:45:33Z] Outreach engine built | 3 templates | SMTP ready
[2026-05-03T00:50:01Z] Toolkit 20260503_005001 | Niche: health | Topic: Social Media Content for Fitness Influencers | 5 modules
[2026-05-03T00:52:05Z] Platform profile creator built | 20 targets | 3 phases | Brand: Kimiclaw
[2026-05-03T00:55:01Z] Toolkit 20260503_005501 | Niche: music-production | Topic: The Complete Guide to Digital Product Licensing | 5 modules
[2026-05-03T01:05:01Z] Toolkit 20260503_010501 | Niche: saas | Topic: The SaaS Marketing Playbook for 2026 | 5 modules
[2026-05-03T01:10:01Z] Toolkit 20260503_011001 | Niche: ecommerce | Topic: Social Media Strategy for E-commerce Brands | 5 modules
[2026-05-03T01:15:01Z] Toolkit 20260503_011501 | Niche: freelance | Topic: Email Templates That Win Freelance Projects | 5 modules
[2026-05-03T01:20:01Z] Toolkit 20260503_012001 | Niche: health | Topic: The Complete Guide to Selling Workout Programs Online | 5 modules
[2026-05-03T01:25:01Z] Toolkit 20260503_012501 | Niche: music-production | Topic: Email Marketing for Creators: From 0 to 1,000 Subscribers | 5 modules
[2026-05-03T01:35:01Z] Toolkit 20260503_013501 | Niche: saas | Topic: Reducing Customer Acquisition Cost: 10 Tactics | 5 modules
[2026-05-03T01:40:01Z] Toolkit 20260503_014001 | Niche: ecommerce | Topic: Product Photography Tips That Increase Sales | 5 modules
[2026-05-03T01:45:01Z] Toolkit 20260503_014501 | Niche: freelance | Topic: Social Media for Freelancers: Platform Strategy | 5 modules
[2026-05-03T01:50:01Z] Toolkit 20260503_015001 | Niche: health | Topic: SEO for Health and Wellness Businesses | 5 modules
[2026-05-03T01:55:01Z] Toolkit 20260503_015501 | Niche: music-production | Topic: Social Media Strategy for Small Businesses in 2026 | 5 modules
[2026-05-03T02:05:01Z] Toolkit 20260503_020501 | Niche: saas | Topic: Product-Led Growth vs Sales-Led Growth | 5 modules
[2026-05-03T02:10:01Z] Toolkit 20260503_021001 | Niche: ecommerce | Topic: How to Write Product Descriptions That Sell | 5 modules
[2026-05-03T02:15:01Z] Toolkit 20260503_021501 | Niche: freelance | Topic: The Complete Freelance Contract Template Guide | 5 modules
[2026-05-03T02:20:01Z] Toolkit 20260503_022001 | Niche: health | Topic: How to Price Online Coaching Packages | 5 modules
[2026-05-03T02:25:01Z] Toolkit 20260503_022501 | Niche: music-production | Topic: SEO for Beginners: Rank Your Website on Google | 5 modules
[2026-05-03T02:35:01Z] Toolkit 20260503_023501 | Niche: saas | Topic: How to Write SaaS Landing Pages That Convert | 5 modules
[2026-05-03T02:40:01Z] Toolkit 20260503_024001 | Niche: ecommerce | Topic: The Complete Guide to E-commerce Conversion Optimization | 5 modules
[2026-05-03T02:45:01Z] Toolkit 20260503_024501 | Niche: freelance | Topic: How to Scale From Freelancer to Agency | 5 modules
[2026-05-03T02:50:01Z] Toolkit 20260503_025001 | Niche: health | Topic: Building a Fitness Brand From Scratch | 5 modules
[2026-05-03T02:55:01Z] Toolkit 20260503_025501 | Niche: music-production | Topic: Content Marketing: How to Build a Content Calendar | 5 modules
[2026-05-03T03:05:01Z] Toolkit 20260503_030501 | Niche: saas | Topic: The Complete Guide to SaaS Email Marketing | 5 modules
[2026-05-03T03:10:01Z] Toolkit 20260503_031001 | Niche: ecommerce | Topic: Affiliate Marketing for E-commerce Stores | 5 modules
[2026-05-03T03:15:01Z] Toolkit 20260503_031501 | Niche: freelance | Topic: Client Retention: Turn One-Time Projects Into Recurring Revenue | 5 modules
[2026-05-03T03:20:01Z] Toolkit 20260503_032001 | Niche: health | Topic: Content Marketing for Nutritionists | 5 modules
[2026-05-03T03:25:01Z] Toolkit 20260503_032501 | Niche: music-production | Topic: Affiliate Marketing: How to Earn Passive Income | 5 modules
[2026-05-03T03:35:01Z] Toolkit 20260503_033501 | Niche: saas | Topic: Customer Success: Turning Users Into Advocates | 5 modules
[2026-05-03T03:40:01Z] Toolkit 20260503_034001 | Niche: ecommerce | Topic: How to Reduce Cart Abandonment by 50% | 5 modules
[2026-05-03T03:45:01Z] Toolkit 20260503_034501 | Niche: freelance | Topic: SEO for Freelancers: Rank for Your Services | 5 modules
[2026-05-03T03:50:01Z] Toolkit 20260503_035001 | Niche: health | Topic: Affiliate Marketing for Fitness Creators | 5 modules
[2026-05-03T03:55:01Z] Toolkit 20260503_035501 | Niche: music-production | Topic: The Ultimate Guide to Building an Email List | 5 modules
[2026-05-03T04:00:01Z] Dashboard | Content: 216 | Revenue: $ | Commits: 42
[2026-05-03T04:05:01Z] Toolkit 20260503_040501 | Niche: saas | Topic: SaaS SEO: Ranking for High-Intent Keywords | 5 modules
[2026-05-03T04:10:01Z] Toolkit 20260503_041001 | Niche: ecommerce | Topic: Influencer Marketing for Small Brands | 5 modules
[2026-05-03T04:15:01Z] Toolkit 20260503_041501 | Niche: freelance | Topic: The Freelancer's Content Marketing Playbook | 5 modules
[2026-05-03T04:20:01Z] Toolkit 20260503_042001 | Niche: health | Topic: The Health Coach's Guide to Lead Generation | 5 modules
[2026-05-03T04:25:01Z] Toolkit 20260503_042501 | Niche: music-production | Topic: How to Write Product Descriptions That Convert | 5 modules
[2026-05-03T04:35:01Z] Toolkit 20260503_043501 | Niche: saas | Topic: Freemium vs Free Trial: Which Converts Better? | 5 modules
[2026-05-03T04:40:01Z] Toolkit 20260503_044001 | Niche: ecommerce | Topic: E-commerce Trends That Will Dominate 2026 | 5 modules
[2026-05-03T04:45:01Z] Toolkit 20260503_044501 | Niche: freelance | Topic: How to Price Your Freelance Services | 5 modules
[2026-05-03T04:50:01Z] Toolkit 20260503_045001 | Niche: health | Topic: How to Build an Online Fitness Business | 5 modules
[2026-05-03T04:55:01Z] Toolkit 20260503_045501 | Niche: music-production | Topic: How to Price Your Digital Products for Maximum Profit | 5 modules
[2026-05-03T05:05:01Z] Toolkit 20260503_050501 | Niche: saas | Topic: SaaS Pricing Strategies That Reduce Churn | 5 modules
[2026-05-03T05:10:01Z] Toolkit 20260503_051001 | Niche: ecommerce | Topic: E-commerce SEO: Rank Your Products on Google | 5 modules
[2026-05-03T05:15:01Z] Toolkit 20260503_051501 | Niche: freelance | Topic: The Freelancer's Guide to Finding High-Paying Clients | 5 modules
[2026-05-03T05:20:02Z] Toolkit 20260503_052002 | Niche: health | Topic: Email Marketing for Health Coaches | 5 modules
[2026-05-03T05:25:01Z] Toolkit 20260503_052501 | Niche: music-production | Topic: 10 Platforms to Sell Digital Products Online | 5 modules
[2026-05-03T05:35:01Z] Toolkit 20260503_053501 | Niche: saas | Topic: How to Onboard Users Without Losing Them | 5 modules
[2026-05-03T05:40:01Z] Toolkit 20260503_054001 | Niche: ecommerce | Topic: Email Marketing for Online Stores | 5 modules
[2026-05-03T05:45:01Z] Toolkit 20260503_054501 | Niche: freelance | Topic: How to Build a Personal Brand as a Freelancer | 5 modules
[2026-05-03T05:50:01Z] Toolkit 20260503_055001 | Niche: health | Topic: Social Media Content for Fitness Influencers | 5 modules
[2026-05-03T05:55:01Z] Toolkit 20260503_055501 | Niche: music-production | Topic: The Complete Guide to Digital Product Licensing | 5 modules
[2026-05-03T06:05:01Z] Toolkit 20260503_060501 | Niche: saas | Topic: The SaaS Marketing Playbook for 2026 | 5 modules
[2026-05-03T06:10:01Z] Toolkit 20260503_061001 | Niche: ecommerce | Topic: Social Media Strategy for E-commerce Brands | 5 modules
[2026-05-03T06:15:01Z] Toolkit 20260503_061501 | Niche: freelance | Topic: Email Templates That Win Freelance Projects | 5 modules
[2026-05-03T06:35:01Z] Toolkit 20260503_063501 | Niche: saas | Topic: Reducing Customer Acquisition Cost: 10 Tactics | 5 modules
[2026-05-03T06:40:01Z] Toolkit 20260503_064001 | Niche: ecommerce | Topic: Product Photography Tips That Increase Sales | 5 modules
[2026-05-03T06:45:01Z] Toolkit 20260503_064501 | Niche: freelance | Topic: Social Media for Freelancers: Platform Strategy | 5 modules
[2026-05-03T06:50:01Z] Toolkit 20260503_065001 | Niche: health | Topic: The Complete Guide to Selling Workout Programs Online | 5 modules
[2026-05-03T06:55:01Z] Toolkit 20260503_065501 | Niche: music-production | Topic: Email Marketing for Creators: From 0 to 1,000 Subscribers | 5 modules
[2026-05-03T07:05:01Z] Toolkit 20260503_070501 | Niche: saas | Topic: Product-Led Growth vs Sales-Led Growth | 5 modules
[2026-05-03T07:10:01Z] Toolkit 20260503_071001 | Niche: ecommerce | Topic: How to Write Product Descriptions That Sell | 5 modules
[2026-05-03T07:15:01Z] Toolkit 20260503_071501 | Niche: freelance | Topic: The Complete Freelance Contract Template Guide | 5 modules
[2026-05-03T07:20:01Z] Toolkit 20260503_072001 | Niche: health | Topic: SEO for Health and Wellness Businesses | 5 modules
[2026-05-03T07:25:01Z] Toolkit 20260503_072501 | Niche: music-production | Topic: Social Media Strategy for Small Businesses in 2026 | 5 modules
[2026-05-03T07:35:01Z] Toolkit 20260503_073501 | Niche: saas | Topic: How to Write SaaS Landing Pages That Convert | 5 modules
[2026-05-03T07:40:01Z] Toolkit 20260503_074001 | Niche: ecommerce | Topic: The Complete Guide to E-commerce Conversion Optimization | 5 modules
[2026-05-03T07:45:01Z] Toolkit 20260503_074501 | Niche: freelance | Topic: How to Scale From Freelancer to Agency | 5 modules
[2026-05-03T07:50:01Z] Toolkit 20260503_075001 | Niche: health | Topic: How to Price Online Coaching Packages | 5 modules
[2026-05-03T07:55:01Z] Toolkit 20260503_075501 | Niche: music-production | Topic: SEO for Beginners: Rank Your Website on Google | 5 modules
[2026-05-03T08:05:01Z] Toolkit 20260503_080501 | Niche: saas | Topic: The Complete Guide to SaaS Email Marketing | 5 modules
[2026-05-03T08:10:01Z] Toolkit 20260503_081001 | Niche: ecommerce | Topic: Affiliate Marketing for E-commerce Stores | 5 modules
[2026-05-03T08:15:01Z] Toolkit 20260503_081501 | Niche: freelance | Topic: Client Retention: Turn One-Time Projects Into Recurring Revenue | 5 modules
[2026-05-03T08:20:01Z] Toolkit 20260503_082001 | Niche: health | Topic: Building a Fitness Brand From Scratch | 5 modules
[2026-05-03T08:25:01Z] Toolkit 20260503_082501 | Niche: music-production | Topic: Content Marketing: How to Build a Content Calendar | 5 modules
[2026-05-03T08:35:01Z] Toolkit 20260503_083501 | Niche: saas | Topic: Customer Success: Turning Users Into Advocates | 5 modules
[2026-05-03T08:40:01Z] Toolkit 20260503_084001 | Niche: ecommerce | Topic: How to Reduce Cart Abandonment by 50% | 5 modules
[2026-05-03T08:45:01Z] Toolkit 20260503_084501 | Niche: freelance | Topic: SEO for Freelancers: Rank for Your Services | 5 modules
