[11:21:39] === TrendHunter AI Engine Starting ===
[11:21:39] Scraping Amazon Movers & Shakers...
[11:21:41] Found 0 products from Amazon
[11:21:41] Selected product: Portable Bluetooth Speaker with RGB Lights
[11:21:41] Generating SEO review article...
[11:21:41] Calling Kimi API for article generation...
[11:21:42] API article generation failed — using template fallback
[11:21:42] Converting article to HTML...
[11:21:42] HTML file created: /root/.openclaw/workspace/trendhunter-ai/site/portable-bluetooth-speaker-with-rgb-lights-20260503_112139.html
[11:21:42] Generating landing page...
[11:21:42] Landing page created: /root/.openclaw/workspace/trendhunter-ai/site/index.html
[11:21:42] Generating product image with Pollinations.ai...
[11:21:42] Product image generated: 49221 bytes
[11:21:43] Committing to GitHub...
[11:21:45] === TrendHunter AI Engine Complete ===
[11:21:45] Article: /root/.openclaw/workspace/trendhunter-ai/content/article_20260503_112139.md
[11:21:45] HTML: /root/.openclaw/workspace/trendhunter-ai/site/portable-bluetooth-speaker-with-rgb-lights-20260503_112139.html
[11:21:45] Landing: /root/.openclaw/workspace/trendhunter-ai/site/index.html
[11:21:45] Product: Portable Bluetooth Speaker with RGB Lights
[11:21:45] Content tracked. Next run in 6 hours.
